{"/home/thales/projects/jules-pr-reviewer/src/github.ts": {"path":"/home/thales/projects/jules-pr-reviewer/src/github.ts","statementMap":{"0":{"start":{"line":9,"column":2},"end":{"line":19,"column":null}},"1":{"start":{"line":10,"column":20},"end":{"line":14,"column":null}},"2":{"start":{"line":15,"column":17},"end":{"line":15,"column":null}},"3":{"start":{"line":16,"column":4},"end":{"line":16,"column":null}},"4":{"start":{"line":16,"column":34},"end":{"line":16,"column":null}},"5":{"start":{"line":18,"column":4},"end":{"line":18,"column":null}},"6":{"start":{"line":22,"column":14},"end":{"line":24,"column":null}},"7":{"start":{"line":25,"column":15},"end":{"line":25,"column":null}},"8":{"start":{"line":26,"column":2},"end":{"line":26,"column":null}},"9":{"start":{"line":26,"column":32},"end":{"line":26,"column":null}},"10":{"start":{"line":28,"column":2},"end":{"line":28,"column":null}},"11":{"start":{"line":35,"column":2},"end":{"line":45,"column":null}},"12":{"start":{"line":36,"column":17},"end":{"line":36,"column":null}},"13":{"start":{"line":37,"column":4},"end":{"line":41,"column":null}},"14":{"start":{"line":38,"column":22},"end":{"line":38,"column":null}},"15":{"start":{"line":39,"column":6},"end":{"line":39,"column":null}},"16":{"start":{"line":40,"column":6},"end":{"line":40,"column":null}},"17":{"start":{"line":42,"column":4},"end":{"line":42,"column":null}},"18":{"start":{"line":44,"column":4},"end":{"line":44,"column":null}},"19":{"start":{"line":52,"column":16},"end":{"line":52,"column":null}},"20":{"start":{"line":74,"column":24},"end":{"line":74,"column":null}},"21":{"start":{"line":75,"column":18},"end":{"line":75,"column":null}},"22":{"start":{"line":77,"column":14},"end":{"line":77,"column":null}},"23":{"start":{"line":78,"column":31},"end":{"line":78,"column":null}},"24":{"start":{"line":79,"column":2},"end":{"line":92,"column":null}},"25":{"start":{"line":80,"column":4},"end":{"line":80,"column":null}},"26":{"start":{"line":80,"column":27},"end":{"line":80,"column":null}},"27":{"start":{"line":81,"column":25},"end":{"line":81,"column":null}},"28":{"start":{"line":82,"column":4},"end":{"line":82,"column":null}},"29":{"start":{"line":82,"column":23},"end":{"line":82,"column":null}},"30":{"start":{"line":83,"column":4},"end":{"line":91,"column":null}},"31":{"start":{"line":84,"column":6},"end":{"line":90,"column":null}},"32":{"start":{"line":93,"column":2},"end":{"line":93,"column":null}},"33":{"start":{"line":100,"column":2},"end":{"line":113,"column":null}},"34":{"start":{"line":101,"column":4},"end":{"line":112,"column":null}},"35":{"start":{"line":102,"column":6},"end":{"line":108,"column":null}},"36":{"start":{"line":109,"column":6},"end":{"line":109,"column":null}},"37":{"start":{"line":111,"column":6},"end":{"line":111,"column":null}},"38":{"start":{"line":122,"column":28},"end":{"line":135,"column":null}},"39":{"start":{"line":123,"column":26},"end":{"line":123,"column":null}},"40":{"start":{"line":124,"column":28},"end":{"line":124,"column":null}},"41":{"start":{"line":126,"column":4},"end":{"line":134,"column":null}},"42":{"start":{"line":137,"column":2},"end":{"line":145,"column":null}},"43":{"start":{"line":154,"column":2},"end":{"line":156,"column":null}}},"fnMap":{"0":{"name":"fetchDiff","decl":{"start":{"line":5,"column":22},"end":{"line":5,"column":null}},"loc":{"start":{"line":8,"column":19},"end":{"line":29,"column":null}},"line":8},"1":{"name":"loadRulesFromBase","decl":{"start":{"line":31,"column":22},"end":{"line":31,"column":null}},"loc":{"start":{"line":34,"column":31},"end":{"line":46,"column":null}},"line":34},"2":{"name":"fetchOpenThreads","decl":{"start":{"line":48,"column":22},"end":{"line":48,"column":null}},"loc":{"start":{"line":51,"column":25},"end":{"line":94,"column":null}},"line":51},"3":{"name":"resolveThreads","decl":{"start":{"line":96,"column":22},"end":{"line":96,"column":null}},"loc":{"start":{"line":99,"column":17},"end":{"line":114,"column":null}},"line":99},"4":{"name":"submitReview","decl":{"start":{"line":116,"column":22},"end":{"line":116,"column":null}},"loc":{"start":{"line":120,"column":17},"end":{"line":146,"column":null}},"line":120},"5":{"name":"(anonymous_5)","decl":{"start":{"line":122,"column":37},"end":{"line":122,"column":41}},"loc":{"start":{"line":122,"column":46},"end":{"line":135,"column":3}},"line":122},"6":{"name":"setStatus","decl":{"start":{"line":148,"column":22},"end":{"line":148,"column":null}},"loc":{"start":{"line":153,"column":17},"end":{"line":157,"column":null}},"line":153}},"branchMap":{"0":{"loc":{"start":{"line":16,"column":4},"end":{"line":16,"column":null}},"type":"if","locations":[{"start":{"line":16,"column":4},"end":{"line":16,"column":null}},{"start":{},"end":{}}],"line":16},"1":{"loc":{"start":{"line":26,"column":2},"end":{"line":26,"column":null}},"type":"if","locations":[{"start":{"line":26,"column":2},"end":{"line":26,"column":null}},{"start":{},"end":{}}],"line":26},"2":{"loc":{"start":{"line":37,"column":4},"end":{"line":41,"column":null}},"type":"if","locations":[{"start":{"line":37,"column":4},"end":{"line":41,"column":null}},{"start":{},"end":{}}],"line":37},"3":{"loc":{"start":{"line":37,"column":8},"end":{"line":37,"column":73}},"type":"binary-expr","locations":[{"start":{"line":37,"column":8},"end":{"line":37,"column":34}},{"start":{"line":37,"column":34},"end":{"line":37,"column":73}}],"line":37},"4":{"loc":{"start":{"line":75,"column":18},"end":{"line":75,"column":null}},"type":"binary-expr","locations":[{"start":{"line":75,"column":18},"end":{"line":75,"column":76}},{"start":{"line":75,"column":76},"end":{"line":75,"column":null}}],"line":75},"5":{"loc":{"start":{"line":80,"column":4},"end":{"line":80,"column":null}},"type":"if","locations":[{"start":{"line":80,"column":4},"end":{"line":80,"column":null}},{"start":{},"end":{}}],"line":80},"6":{"loc":{"start":{"line":82,"column":4},"end":{"line":82,"column":null}},"type":"if","locations":[{"start":{"line":82,"column":4},"end":{"line":82,"column":null}},{"start":{},"end":{}}],"line":82},"7":{"loc":{"start":{"line":83,"column":4},"end":{"line":91,"column":null}},"type":"if","locations":[{"start":{"line":83,"column":4},"end":{"line":91,"column":null}},{"start":{},"end":{}}],"line":83},"8":{"loc":{"start":{"line":88,"column":14},"end":{"line":88,"column":null}},"type":"binary-expr","locations":[{"start":{"line":88,"column":14},"end":{"line":88,"column":35}},{"start":{"line":88,"column":35},"end":{"line":88,"column":null}}],"line":88},"9":{"loc":{"start":{"line":123,"column":26},"end":{"line":123,"column":null}},"type":"cond-expr","locations":[{"start":{"line":123,"column":50},"end":{"line":123,"column":57}},{"start":{"line":123,"column":57},"end":{"line":123,"column":null}}],"line":123},"10":{"loc":{"start":{"line":123,"column":57},"end":{"line":123,"column":null}},"type":"cond-expr","locations":[{"start":{"line":123,"column":84},"end":{"line":123,"column":91}},{"start":{"line":123,"column":91},"end":{"line":123,"column":null}}],"line":123},"11":{"loc":{"start":{"line":124,"column":28},"end":{"line":124,"column":null}},"type":"cond-expr","locations":[{"start":{"line":124,"column":54},"end":{"line":124,"column":61}},{"start":{"line":124,"column":61},"end":{"line":124,"column":null}}],"line":124},"12":{"loc":{"start":{"line":124,"column":61},"end":{"line":124,"column":null}},"type":"cond-expr","locations":[{"start":{"line":124,"column":89},"end":{"line":124,"column":96}},{"start":{"line":124,"column":96},"end":{"line":124,"column":null}}],"line":124}},"s":{"0":4,"1":4,"2":2,"3":2,"4":1,"5":2,"6":3,"7":3,"8":3,"9":2,"10":1,"11":3,"12":3,"13":2,"14":1,"15":1,"16":1,"17":1,"18":1,"19":2,"20":2,"21":2,"22":2,"23":2,"24":2,"25":5,"26":1,"27":4,"28":4,"29":1,"30":3,"31":2,"32":2,"33":2,"34":4,"35":4,"36":3,"37":1,"38":1,"39":3,"40":3,"41":3,"42":1,"43":1},"f":{"0":4,"1":3,"2":2,"3":2,"4":1,"5":3,"6":1},"b":{"0":[1,1],"1":[2,1],"2":[1,1],"3":[2,1],"4":[2,1],"5":[1,4],"6":[1,3],"7":[2,1],"8":[2,1],"9":[1,2],"10":[1,1],"11":[1,2],"12":[1,1]},"meta":{"lastBranch":13,"lastFunction":7,"lastStatement":44,"seen":{"f:5:22:5:Infinity":0,"s:9:2:19:Infinity":0,"s:10:20:14:Infinity":1,"s:15:17:15:Infinity":2,"b:16:4:16:Infinity:undefined:undefined:undefined:undefined":0,"s:16:4:16:Infinity":3,"s:16:34:16:Infinity":4,"s:18:4:18:Infinity":5,"s:22:14:24:Infinity":6,"s:25:15:25:Infinity":7,"b:26:2:26:Infinity:undefined:undefined:undefined:undefined":1,"s:26:2:26:Infinity":8,"s:26:32:26:Infinity":9,"s:28:2:28:Infinity":10,"f:31:22:31:Infinity":1,"s:35:2:45:Infinity":11,"s:36:17:36:Infinity":12,"b:37:4:41:Infinity:undefined:undefined:undefined:undefined":2,"s:37:4:41:Infinity":13,"b:37:8:37:34:37:34:37:73":3,"s:38:22:38:Infinity":14,"s:39:6:39:Infinity":15,"s:40:6:40:Infinity":16,"s:42:4:42:Infinity":17,"s:44:4:44:Infinity":18,"f:48:22:48:Infinity":2,"s:52:16:52:Infinity":19,"s:74:24:74:Infinity":20,"s:75:18:75:Infinity":21,"b:75:18:75:76:75:76:75:Infinity":4,"s:77:14:77:Infinity":22,"s:78:31:78:Infinity":23,"s:79:2:92:Infinity":24,"b:80:4:80:Infinity:undefined:undefined:undefined:undefined":5,"s:80:4:80:Infinity":25,"s:80:27:80:Infinity":26,"s:81:25:81:Infinity":27,"b:82:4:82:Infinity:undefined:undefined:undefined:undefined":6,"s:82:4:82:Infinity":28,"s:82:23:82:Infinity":29,"b:83:4:91:Infinity:undefined:undefined:undefined:undefined":7,"s:83:4:91:Infinity":30,"s:84:6:90:Infinity":31,"b:88:14:88:35:88:35:88:Infinity":8,"s:93:2:93:Infinity":32,"f:96:22:96:Infinity":3,"s:100:2:113:Infinity":33,"s:101:4:112:Infinity":34,"s:102:6:108:Infinity":35,"s:109:6:109:Infinity":36,"s:111:6:111:Infinity":37,"f:116:22:116:Infinity":4,"s:122:28:135:Infinity":38,"f:122:37:122:41":5,"s:123:26:123:Infinity":39,"b:123:50:123:57:123:57:123:Infinity":9,"b:123:84:123:91:123:91:123:Infinity":10,"s:124:28:124:Infinity":40,"b:124:54:124:61:124:61:124:Infinity":11,"b:124:89:124:96:124:96:124:Infinity":12,"s:126:4:134:Infinity":41,"s:137:2:145:Infinity":42,"f:148:22:148:Infinity":6,"s:154:2:156:Infinity":43},"fnNames":{}}}
,"/home/thales/projects/jules-pr-reviewer/src/index.ts": {"path":"/home/thales/projects/jules-pr-reviewer/src/index.ts","statementMap":{"0":{"start":{"line":8,"column":23},"end":{"line":8,"column":null}},"1":{"start":{"line":9,"column":32},"end":{"line":9,"column":null}},"2":{"start":{"line":12,"column":17},"end":{"line":12,"column":null}},"3":{"start":{"line":13,"column":2},"end":{"line":13,"column":null}},"4":{"start":{"line":15,"column":16},"end":{"line":15,"column":null}},"5":{"start":{"line":16,"column":20},"end":{"line":16,"column":null}},"6":{"start":{"line":17,"column":2},"end":{"line":20,"column":null}},"7":{"start":{"line":18,"column":4},"end":{"line":18,"column":null}},"8":{"start":{"line":19,"column":4},"end":{"line":19,"column":null}},"9":{"start":{"line":21,"column":17},"end":{"line":21,"column":null}},"10":{"start":{"line":22,"column":21},"end":{"line":22,"column":null}},"11":{"start":{"line":23,"column":20},"end":{"line":23,"column":null}},"12":{"start":{"line":24,"column":22},"end":{"line":24,"column":null}},"13":{"start":{"line":25,"column":24},"end":{"line":25,"column":null}},"14":{"start":{"line":26,"column":28},"end":{"line":26,"column":null}},"15":{"start":{"line":27,"column":24},"end":{"line":27,"column":null}},"16":{"start":{"line":28,"column":28},"end":{"line":28,"column":null}},"17":{"start":{"line":29,"column":25},"end":{"line":29,"column":null}},"18":{"start":{"line":31,"column":14},"end":{"line":31,"column":null}},"19":{"start":{"line":32,"column":2},"end":{"line":37,"column":null}},"20":{"start":{"line":33,"column":4},"end":{"line":35,"column":null}},"21":{"start":{"line":36,"column":4},"end":{"line":36,"column":null}},"22":{"start":{"line":38,"column":2},"end":{"line":41,"column":null}},"23":{"start":{"line":39,"column":4},"end":{"line":39,"column":null}},"24":{"start":{"line":40,"column":4},"end":{"line":40,"column":null}},"25":{"start":{"line":43,"column":13},"end":{"line":43,"column":null}},"26":{"start":{"line":44,"column":2},"end":{"line":47,"column":null}},"27":{"start":{"line":45,"column":4},"end":{"line":45,"column":null}},"28":{"start":{"line":46,"column":4},"end":{"line":46,"column":null}},"29":{"start":{"line":49,"column":16},"end":{"line":49,"column":null}},"30":{"start":{"line":50,"column":15},"end":{"line":50,"column":null}},"31":{"start":{"line":51,"column":19},"end":{"line":51,"column":null}},"32":{"start":{"line":52,"column":26},"end":{"line":52,"column":null}},"33":{"start":{"line":53,"column":26},"end":{"line":53,"column":null}},"34":{"start":{"line":54,"column":27},"end":{"line":54,"column":null}},"35":{"start":{"line":55,"column":26},"end":{"line":55,"column":null}},"36":{"start":{"line":56,"column":8},"end":{"line":56,"column":null}},"37":{"start":{"line":56,"column":61},"end":{"line":56,"column":67}},"38":{"start":{"line":58,"column":18},"end":{"line":58,"column":null}},"39":{"start":{"line":60,"column":2},"end":{"line":60,"column":null}},"40":{"start":{"line":60,"column":31},"end":{"line":60,"column":64}},"41":{"start":{"line":60,"column":64},"end":{"line":60,"column":72}},"42":{"start":{"line":61,"column":2},"end":{"line":61,"column":null}},"43":{"start":{"line":61,"column":29},"end":{"line":61,"column":79}},"44":{"start":{"line":61,"column":79},"end":{"line":61,"column":87}},"45":{"start":{"line":62,"column":2},"end":{"line":65,"column":null}},"46":{"start":{"line":63,"column":4},"end":{"line":63,"column":null}},"47":{"start":{"line":64,"column":4},"end":{"line":64,"column":null}},"48":{"start":{"line":67,"column":2},"end":{"line":144,"column":null}},"49":{"start":{"line":68,"column":4},"end":{"line":72,"column":null}},"50":{"start":{"line":69,"column":6},"end":{"line":69,"column":null}},"51":{"start":{"line":71,"column":6},"end":{"line":71,"column":null}},"52":{"start":{"line":75,"column":25},"end":{"line":75,"column":null}},"53":{"start":{"line":76,"column":4},"end":{"line":81,"column":null}},"54":{"start":{"line":77,"column":6},"end":{"line":77,"column":null}},"55":{"start":{"line":78,"column":6},"end":{"line":78,"column":null}},"56":{"start":{"line":80,"column":6},"end":{"line":80,"column":null}},"57":{"start":{"line":83,"column":17},"end":{"line":83,"column":null}},"58":{"start":{"line":86,"column":4},"end":{"line":88,"column":null}},"59":{"start":{"line":87,"column":6},"end":{"line":87,"column":null}},"60":{"start":{"line":90,"column":46},"end":{"line":90,"column":null}},"61":{"start":{"line":92,"column":24},"end":{"line":92,"column":null}},"62":{"start":{"line":94,"column":10},"end":{"line":104,"column":null}},"63":{"start":{"line":106,"column":40},"end":{"line":108,"column":null}},"64":{"start":{"line":110,"column":4},"end":{"line":114,"column":null}},"65":{"start":{"line":111,"column":6},"end":{"line":111,"column":null}},"66":{"start":{"line":112,"column":6},"end":{"line":112,"column":null}},"67":{"start":{"line":113,"column":6},"end":{"line":113,"column":null}},"68":{"start":{"line":116,"column":66},"end":{"line":116,"column":null}},"69":{"start":{"line":119,"column":4},"end":{"line":127,"column":null}},"70":{"start":{"line":120,"column":33},"end":{"line":122,"column":null}},"71":{"start":{"line":121,"column":21},"end":{"line":121,"column":57}},"72":{"start":{"line":122,"column":18},"end":{"line":122,"column":28}},"73":{"start":{"line":124,"column":6},"end":{"line":126,"column":null}},"74":{"start":{"line":125,"column":8},"end":{"line":125,"column":null}},"75":{"start":{"line":130,"column":22},"end":{"line":130,"column":null}},"76":{"start":{"line":132,"column":4},"end":{"line":132,"column":null}},"77":{"start":{"line":134,"column":35},"end":{"line":134,"column":null}},"78":{"start":{"line":135,"column":4},"end":{"line":135,"column":null}},"79":{"start":{"line":137,"column":4},"end":{"line":137,"column":null}},"80":{"start":{"line":139,"column":16},"end":{"line":139,"column":null}},"81":{"start":{"line":140,"column":4},"end":{"line":140,"column":null}},"82":{"start":{"line":142,"column":4},"end":{"line":142,"column":null}},"83":{"start":{"line":143,"column":4},"end":{"line":143,"column":null}},"84":{"start":{"line":148,"column":2},"end":{"line":148,"column":null}},"85":{"start":{"line":148,"column":31},"end":{"line":148,"column":null}},"86":{"start":{"line":149,"column":15},"end":{"line":149,"column":null}},"87":{"start":{"line":150,"column":2},"end":{"line":153,"column":null}},"88":{"start":{"line":157,"column":2},"end":{"line":157,"column":null}},"89":{"start":{"line":164,"column":2},"end":{"line":166,"column":null}},"90":{"start":{"line":165,"column":4},"end":{"line":165,"column":null}},"91":{"start":{"line":167,"column":2},"end":{"line":171,"column":null}},"92":{"start":{"line":168,"column":4},"end":{"line":170,"column":null}},"93":{"start":{"line":172,"column":2},"end":{"line":174,"column":null}},"94":{"start":{"line":177,"column":0},"end":{"line":179,"column":null}},"95":{"start":{"line":178,"column":2},"end":{"line":178,"column":null}}},"fnMap":{"0":{"name":"run","decl":{"start":{"line":11,"column":15},"end":{"line":11,"column":36}},"loc":{"start":{"line":11,"column":36},"end":{"line":145,"column":null}},"line":11},"1":{"name":"(anonymous_1)","decl":{"start":{"line":56,"column":45},"end":{"line":56,"column":50}},"loc":{"start":{"line":56,"column":61},"end":{"line":56,"column":67}},"line":56},"2":{"name":"(anonymous_2)","decl":{"start":{"line":121,"column":9},"end":{"line":121,"column":16}},"loc":{"start":{"line":121,"column":21},"end":{"line":121,"column":57}},"line":121},"3":{"name":"(anonymous_3)","decl":{"start":{"line":122,"column":9},"end":{"line":122,"column":13}},"loc":{"start":{"line":122,"column":18},"end":{"line":122,"column":28}},"line":122},"4":{"name":"(anonymous_4)","decl":{"start":{"line":142,"column":95},"end":{"line":142,"column":107}},"loc":{"start":{"line":142,"column":107},"end":{"line":142,"column":109}},"line":142},"5":{"name":"truncateDiff","decl":{"start":{"line":147,"column":9},"end":{"line":147,"column":22}},"loc":{"start":{"line":147,"column":96},"end":{"line":154,"column":null}},"line":147},"6":{"name":"truncate","decl":{"start":{"line":156,"column":9},"end":{"line":156,"column":18}},"loc":{"start":{"line":156,"column":50},"end":{"line":158,"column":null}},"line":156},"7":{"name":"statusFromVerdict","decl":{"start":{"line":160,"column":9},"end":{"line":160,"column":null}},"loc":{"start":{"line":163,"column":57},"end":{"line":175,"column":null}},"line":163},"8":{"name":"(anonymous_8)","decl":{"start":{"line":177,"column":6},"end":{"line":177,"column":12}},"loc":{"start":{"line":177,"column":19},"end":{"line":179,"column":1}},"line":177}},"branchMap":{"0":{"loc":{"start":{"line":17,"column":2},"end":{"line":20,"column":null}},"type":"if","locations":[{"start":{"line":17,"column":2},"end":{"line":20,"column":null}},{"start":{},"end":{}}],"line":17},"1":{"loc":{"start":{"line":28,"column":28},"end":{"line":28,"column":null}},"type":"binary-expr","locations":[{"start":{"line":28,"column":28},"end":{"line":28,"column":64}},{"start":{"line":28,"column":64},"end":{"line":28,"column":null}}],"line":28},"2":{"loc":{"start":{"line":29,"column":37},"end":{"line":29,"column":74}},"type":"binary-expr","locations":[{"start":{"line":29,"column":37},"end":{"line":29,"column":72}},{"start":{"line":29,"column":72},"end":{"line":29,"column":74}}],"line":29},"3":{"loc":{"start":{"line":32,"column":2},"end":{"line":37,"column":null}},"type":"if","locations":[{"start":{"line":32,"column":2},"end":{"line":37,"column":null}},{"start":{},"end":{}}],"line":32},"4":{"loc":{"start":{"line":38,"column":2},"end":{"line":41,"column":null}},"type":"if","locations":[{"start":{"line":38,"column":2},"end":{"line":41,"column":null}},{"start":{},"end":{}}],"line":38},"5":{"loc":{"start":{"line":44,"column":2},"end":{"line":47,"column":null}},"type":"if","locations":[{"start":{"line":44,"column":2},"end":{"line":47,"column":null}},{"start":{},"end":{}}],"line":44},"6":{"loc":{"start":{"line":56,"column":28},"end":{"line":56,"column":45}},"type":"binary-expr","locations":[{"start":{"line":56,"column":28},"end":{"line":56,"column":41}},{"start":{"line":56,"column":41},"end":{"line":56,"column":45}}],"line":56},"7":{"loc":{"start":{"line":60,"column":2},"end":{"line":60,"column":null}},"type":"if","locations":[{"start":{"line":60,"column":2},"end":{"line":60,"column":null}},{"start":{},"end":{}}],"line":60},"8":{"loc":{"start":{"line":60,"column":6},"end":{"line":60,"column":29}},"type":"binary-expr","locations":[{"start":{"line":60,"column":6},"end":{"line":60,"column":17}},{"start":{"line":60,"column":17},"end":{"line":60,"column":29}}],"line":60},"9":{"loc":{"start":{"line":61,"column":2},"end":{"line":61,"column":null}},"type":"if","locations":[{"start":{"line":61,"column":2},"end":{"line":61,"column":null}},{"start":{},"end":{}}],"line":61},"10":{"loc":{"start":{"line":61,"column":6},"end":{"line":61,"column":27}},"type":"binary-expr","locations":[{"start":{"line":61,"column":6},"end":{"line":61,"column":16}},{"start":{"line":61,"column":16},"end":{"line":61,"column":27}}],"line":61},"11":{"loc":{"start":{"line":62,"column":2},"end":{"line":65,"column":null}},"type":"if","locations":[{"start":{"line":62,"column":2},"end":{"line":65,"column":null}},{"start":{},"end":{}}],"line":62},"12":{"loc":{"start":{"line":76,"column":4},"end":{"line":81,"column":null}},"type":"if","locations":[{"start":{"line":76,"column":4},"end":{"line":81,"column":null}},{"start":{"line":79,"column":11},"end":{"line":81,"column":null}}],"line":76},"13":{"loc":{"start":{"line":76,"column":8},"end":{"line":76,"column":68}},"type":"binary-expr","locations":[{"start":{"line":76,"column":8},"end":{"line":76,"column":48}},{"start":{"line":76,"column":48},"end":{"line":76,"column":68}}],"line":76},"14":{"loc":{"start":{"line":86,"column":4},"end":{"line":88,"column":null}},"type":"if","locations":[{"start":{"line":86,"column":4},"end":{"line":88,"column":null}},{"start":{},"end":{}}],"line":86},"15":{"loc":{"start":{"line":97,"column":15},"end":{"line":97,"column":null}},"type":"binary-expr","locations":[{"start":{"line":97,"column":15},"end":{"line":97,"column":27}},{"start":{"line":97,"column":27},"end":{"line":97,"column":null}}],"line":97},"16":{"loc":{"start":{"line":98,"column":14},"end":{"line":98,"column":null}},"type":"binary-expr","locations":[{"start":{"line":98,"column":14},"end":{"line":98,"column":25}},{"start":{"line":98,"column":25},"end":{"line":98,"column":null}}],"line":98},"17":{"loc":{"start":{"line":101,"column":25},"end":{"line":101,"column":null}},"type":"binary-expr","locations":[{"start":{"line":101,"column":25},"end":{"line":101,"column":46}},{"start":{"line":101,"column":46},"end":{"line":101,"column":null}}],"line":101},"18":{"loc":{"start":{"line":110,"column":4},"end":{"line":114,"column":null}},"type":"if","locations":[{"start":{"line":110,"column":4},"end":{"line":114,"column":null}},{"start":{},"end":{}}],"line":110},"19":{"loc":{"start":{"line":119,"column":4},"end":{"line":127,"column":null}},"type":"if","locations":[{"start":{"line":119,"column":4},"end":{"line":127,"column":null}},{"start":{},"end":{}}],"line":119},"20":{"loc":{"start":{"line":119,"column":8},"end":{"line":119,"column":61}},"type":"binary-expr","locations":[{"start":{"line":119,"column":8},"end":{"line":119,"column":30}},{"start":{"line":119,"column":30},"end":{"line":119,"column":61}}],"line":119},"21":{"loc":{"start":{"line":124,"column":6},"end":{"line":126,"column":null}},"type":"if","locations":[{"start":{"line":124,"column":6},"end":{"line":126,"column":null}},{"start":{},"end":{}}],"line":124},"22":{"loc":{"start":{"line":132,"column":75},"end":{"line":132,"column":92}},"type":"binary-expr","locations":[{"start":{"line":132,"column":75},"end":{"line":132,"column":90}},{"start":{"line":132,"column":90},"end":{"line":132,"column":92}}],"line":132},"23":{"loc":{"start":{"line":139,"column":16},"end":{"line":139,"column":null}},"type":"cond-expr","locations":[{"start":{"line":139,"column":39},"end":{"line":139,"column":53}},{"start":{"line":139,"column":53},"end":{"line":139,"column":null}}],"line":139},"24":{"loc":{"start":{"line":148,"column":2},"end":{"line":148,"column":null}},"type":"if","locations":[{"start":{"line":148,"column":2},"end":{"line":148,"column":null}},{"start":{},"end":{}}],"line":148},"25":{"loc":{"start":{"line":157,"column":9},"end":{"line":157,"column":null}},"type":"cond-expr","locations":[{"start":{"line":157,"column":27},"end":{"line":157,"column":31}},{"start":{"line":157,"column":31},"end":{"line":157,"column":null}}],"line":157},"26":{"loc":{"start":{"line":164,"column":2},"end":{"line":166,"column":null}},"type":"if","locations":[{"start":{"line":164,"column":2},"end":{"line":166,"column":null}},{"start":{},"end":{}}],"line":164},"27":{"loc":{"start":{"line":167,"column":2},"end":{"line":171,"column":null}},"type":"if","locations":[{"start":{"line":167,"column":2},"end":{"line":171,"column":null}},{"start":{},"end":{}}],"line":167},"28":{"loc":{"start":{"line":168,"column":11},"end":{"line":170,"column":null}},"type":"cond-expr","locations":[{"start":{"line":169,"column":8},"end":{"line":169,"column":null}},{"start":{"line":170,"column":8},"end":{"line":170,"column":null}}],"line":168},"29":{"loc":{"start":{"line":172,"column":9},"end":{"line":174,"column":null}},"type":"cond-expr","locations":[{"start":{"line":173,"column":6},"end":{"line":173,"column":null}},{"start":{"line":174,"column":6},"end":{"line":174,"column":null}}],"line":172},"30":{"loc":{"start":{"line":178,"column":17},"end":{"line":178,"column":65}},"type":"cond-expr","locations":[{"start":{"line":178,"column":40},"end":{"line":178,"column":54}},{"start":{"line":178,"column":54},"end":{"line":178,"column":65}}],"line":178}},"s":{"0":19,"1":19,"2":19,"3":19,"4":19,"5":19,"6":19,"7":1,"8":1,"9":16,"10":16,"11":16,"12":16,"13":16,"14":16,"15":16,"16":16,"17":19,"18":19,"19":19,"20":1,"21":1,"22":15,"23":1,"24":1,"25":14,"26":14,"27":1,"28":1,"29":13,"30":13,"31":13,"32":13,"33":13,"34":13,"35":13,"36":19,"37":1,"38":19,"39":19,"40":1,"41":1,"42":12,"43":1,"44":1,"45":11,"46":1,"47":1,"48":10,"49":10,"50":10,"51":1,"52":9,"53":9,"54":1,"55":1,"56":8,"57":9,"58":8,"59":1,"60":8,"61":8,"62":8,"63":19,"64":8,"65":1,"66":1,"67":1,"68":7,"69":7,"70":1,"71":2,"72":1,"73":1,"74":1,"75":7,"76":7,"77":7,"78":7,"79":7,"80":2,"81":2,"82":2,"83":2,"84":8,"85":7,"86":1,"87":1,"88":2,"89":7,"90":1,"91":6,"92":5,"93":1,"94":19,"95":2},"f":{"0":19,"1":1,"2":2,"3":1,"4":0,"5":8,"6":2,"7":7,"8":2},"b":{"0":[1,18],"1":[16,4],"2":[19,0],"3":[1,18],"4":[1,14],"5":[1,13],"6":[19,0],"7":[1,18],"8":[19,1],"9":[1,11],"10":[12,1],"11":[1,10],"12":[1,8],"13":[9,1],"14":[1,7],"15":[8,0],"16":[19,0],"17":[19,8],"18":[1,7],"19":[1,6],"20":[7,1],"21":[1,0],"22":[7,1],"23":[2,0],"24":[7,1],"25":[2,0],"26":[1,6],"27":[5,1],"28":[5,0],"29":[1,0],"30":[1,1]},"meta":{"lastBranch":31,"lastFunction":9,"lastStatement":96,"seen":{"s:8:23:8:Infinity":0,"s:9:32:9:Infinity":1,"f:11:15:11:36":0,"s:12:17:12:Infinity":2,"s:13:2:13:Infinity":3,"s:15:16:15:Infinity":4,"s:16:20:16:Infinity":5,"b:17:2:20:Infinity:undefined:undefined:undefined:undefined":0,"s:17:2:20:Infinity":6,"s:18:4:18:Infinity":7,"s:19:4:19:Infinity":8,"s:21:17:21:Infinity":9,"s:22:21:22:Infinity":10,"s:23:20:23:Infinity":11,"s:24:22:24:Infinity":12,"s:25:24:25:Infinity":13,"s:26:28:26:Infinity":14,"s:27:24:27:Infinity":15,"s:28:28:28:Infinity":16,"b:28:28:28:64:28:64:28:Infinity":1,"s:29:25:29:Infinity":17,"b:29:37:29:72:29:72:29:74":2,"s:31:14:31:Infinity":18,"b:32:2:37:Infinity:undefined:undefined:undefined:undefined":3,"s:32:2:37:Infinity":19,"s:33:4:35:Infinity":20,"s:36:4:36:Infinity":21,"b:38:2:41:Infinity:undefined:undefined:undefined:undefined":4,"s:38:2:41:Infinity":22,"s:39:4:39:Infinity":23,"s:40:4:40:Infinity":24,"s:43:13:43:Infinity":25,"b:44:2:47:Infinity:undefined:undefined:undefined:undefined":5,"s:44:2:47:Infinity":26,"s:45:4:45:Infinity":27,"s:46:4:46:Infinity":28,"s:49:16:49:Infinity":29,"s:50:15:50:Infinity":30,"s:51:19:51:Infinity":31,"s:52:26:52:Infinity":32,"s:53:26:53:Infinity":33,"s:54:27:54:Infinity":34,"s:55:26:55:Infinity":35,"s:56:8:56:Infinity":36,"b:56:28:56:41:56:41:56:45":6,"f:56:45:56:50":1,"s:56:61:56:67":37,"s:58:18:58:Infinity":38,"b:60:2:60:Infinity:undefined:undefined:undefined:undefined":7,"s:60:2:60:Infinity":39,"b:60:6:60:17:60:17:60:29":8,"s:60:31:60:64":40,"s:60:64:60:72":41,"b:61:2:61:Infinity:undefined:undefined:undefined:undefined":9,"s:61:2:61:Infinity":42,"b:61:6:61:16:61:16:61:27":10,"s:61:29:61:79":43,"s:61:79:61:87":44,"b:62:2:65:Infinity:undefined:undefined:undefined:undefined":11,"s:62:2:65:Infinity":45,"s:63:4:63:Infinity":46,"s:64:4:64:Infinity":47,"s:67:2:144:Infinity":48,"s:68:4:72:Infinity":49,"s:69:6:69:Infinity":50,"s:71:6:71:Infinity":51,"s:75:25:75:Infinity":52,"b:76:4:81:Infinity:79:11:81:Infinity":12,"s:76:4:81:Infinity":53,"b:76:8:76:48:76:48:76:68":13,"s:77:6:77:Infinity":54,"s:78:6:78:Infinity":55,"s:80:6:80:Infinity":56,"s:83:17:83:Infinity":57,"b:86:4:88:Infinity:undefined:undefined:undefined:undefined":14,"s:86:4:88:Infinity":58,"s:87:6:87:Infinity":59,"s:90:46:90:Infinity":60,"s:92:24:92:Infinity":61,"s:94:10:104:Infinity":62,"b:97:15:97:27:97:27:97:Infinity":15,"b:98:14:98:25:98:25:98:Infinity":16,"b:101:25:101:46:101:46:101:Infinity":17,"s:106:40:108:Infinity":63,"b:110:4:114:Infinity:undefined:undefined:undefined:undefined":18,"s:110:4:114:Infinity":64,"s:111:6:111:Infinity":65,"s:112:6:112:Infinity":66,"s:113:6:113:Infinity":67,"s:116:66:116:Infinity":68,"b:119:4:127:Infinity:undefined:undefined:undefined:undefined":19,"s:119:4:127:Infinity":69,"b:119:8:119:30:119:30:119:61":20,"s:120:33:122:Infinity":70,"f:121:9:121:16":2,"s:121:21:121:57":71,"f:122:9:122:13":3,"s:122:18:122:28":72,"b:124:6:126:Infinity:undefined:undefined:undefined:undefined":21,"s:124:6:126:Infinity":73,"s:125:8:125:Infinity":74,"s:130:22:130:Infinity":75,"s:132:4:132:Infinity":76,"b:132:75:132:90:132:90:132:92":22,"s:134:35:134:Infinity":77,"s:135:4:135:Infinity":78,"s:137:4:137:Infinity":79,"s:139:16:139:Infinity":80,"b:139:39:139:53:139:53:139:Infinity":23,"s:140:4:140:Infinity":81,"s:142:4:142:Infinity":82,"f:142:95:142:107":4,"s:143:4:143:Infinity":83,"f:147:9:147:22":5,"b:148:2:148:Infinity:undefined:undefined:undefined:undefined":24,"s:148:2:148:Infinity":84,"s:148:31:148:Infinity":85,"s:149:15:149:Infinity":86,"s:150:2:153:Infinity":87,"f:156:9:156:18":6,"s:157:2:157:Infinity":88,"b:157:27:157:31:157:31:157:Infinity":25,"f:160:9:160:Infinity":7,"b:164:2:166:Infinity:undefined:undefined:undefined:undefined":26,"s:164:2:166:Infinity":89,"s:165:4:165:Infinity":90,"b:167:2:171:Infinity:undefined:undefined:undefined:undefined":27,"s:167:2:171:Infinity":91,"s:168:4:170:Infinity":92,"b:169:8:169:Infinity:170:8:170:Infinity":28,"s:172:2:174:Infinity":93,"b:173:6:173:Infinity:174:6:174:Infinity":29,"s:177:0:179:Infinity":94,"f:177:6:177:12":8,"s:178:2:178:Infinity":95,"b:178:40:178:54:178:54:178:65":30},"fnNames":{}}}
,"/home/thales/projects/jules-pr-reviewer/src/jules.ts": {"path":"/home/thales/projects/jules-pr-reviewer/src/jules.ts","statementMap":{"0":{"start":{"line":11,"column":22},"end":{"line":11,"column":null}},"1":{"start":{"line":13,"column":2},"end":{"line":13,"column":null}},"2":{"start":{"line":15,"column":18},"end":{"line":20,"column":null}},"3":{"start":{"line":21,"column":2},"end":{"line":21,"column":null}},"4":{"start":{"line":23,"column":2},"end":{"line":23,"column":null}},"5":{"start":{"line":25,"column":24},"end":{"line":28,"column":null}},"6":{"start":{"line":29,"column":2},"end":{"line":29,"column":null}},"7":{"start":{"line":31,"column":2},"end":{"line":33,"column":null}},"8":{"start":{"line":32,"column":4},"end":{"line":32,"column":null}},"9":{"start":{"line":36,"column":2},"end":{"line":41,"column":null}},"10":{"start":{"line":37,"column":4},"end":{"line":37,"column":null}},"11":{"start":{"line":39,"column":4},"end":{"line":39,"column":null}},"12":{"start":{"line":40,"column":4},"end":{"line":40,"column":null}},"13":{"start":{"line":43,"column":2},"end":{"line":43,"column":null}},"14":{"start":{"line":47,"column":20},"end":{"line":47,"column":null}},"15":{"start":{"line":48,"column":2},"end":{"line":54,"column":null}},"16":{"start":{"line":49,"column":4},"end":{"line":53,"column":null}},"17":{"start":{"line":50,"column":6},"end":{"line":50,"column":null}},"18":{"start":{"line":56,"column":2},"end":{"line":60,"column":null}},"19":{"start":{"line":57,"column":4},"end":{"line":57,"column":null}},"20":{"start":{"line":59,"column":4},"end":{"line":59,"column":null}},"21":{"start":{"line":67,"column":22},"end":{"line":67,"column":null}},"22":{"start":{"line":68,"column":14},"end":{"line":68,"column":null}},"23":{"start":{"line":69,"column":2},"end":{"line":88,"column":null}},"24":{"start":{"line":69,"column":15},"end":{"line":69,"column":18}},"25":{"start":{"line":70,"column":4},"end":{"line":87,"column":null}},"26":{"start":{"line":71,"column":6},"end":{"line":71,"column":null}},"27":{"start":{"line":72,"column":6},"end":{"line":72,"column":null}},"28":{"start":{"line":73,"column":6},"end":{"line":73,"column":null}},"29":{"start":{"line":75,"column":18},"end":{"line":75,"column":null}},"30":{"start":{"line":76,"column":6},"end":{"line":80,"column":null}},"31":{"start":{"line":77,"column":8},"end":{"line":79,"column":null}},"32":{"start":{"line":81,"column":6},"end":{"line":83,"column":null}},"33":{"start":{"line":82,"column":8},"end":{"line":82,"column":null}},"34":{"start":{"line":84,"column":6},"end":{"line":84,"column":null}},"35":{"start":{"line":85,"column":6},"end":{"line":85,"column":null}},"36":{"start":{"line":85,"column":31},"end":{"line":85,"column":51}},"37":{"start":{"line":86,"column":6},"end":{"line":86,"column":null}},"38":{"start":{"line":89,"column":2},"end":{"line":89,"column":null}},"39":{"start":{"line":100,"column":19},"end":{"line":100,"column":null}},"40":{"start":{"line":101,"column":16},"end":{"line":101,"column":null}},"41":{"start":{"line":102,"column":2},"end":{"line":125,"column":null}},"42":{"start":{"line":103,"column":4},"end":{"line":103,"column":null}},"43":{"start":{"line":104,"column":4},"end":{"line":123,"column":null}},"44":{"start":{"line":105,"column":6},"end":{"line":105,"column":null}},"45":{"start":{"line":106,"column":17},"end":{"line":106,"column":null}},"46":{"start":{"line":107,"column":6},"end":{"line":109,"column":null}},"47":{"start":{"line":108,"column":8},"end":{"line":108,"column":null}},"48":{"start":{"line":108,"column":40},"end":{"line":108,"column":null}},"49":{"start":{"line":110,"column":6},"end":{"line":113,"column":null}},"50":{"start":{"line":111,"column":8},"end":{"line":111,"column":null}},"51":{"start":{"line":112,"column":8},"end":{"line":112,"column":null}},"52":{"start":{"line":114,"column":6},"end":{"line":114,"column":null}},"53":{"start":{"line":116,"column":18},"end":{"line":116,"column":null}},"54":{"start":{"line":117,"column":6},"end":{"line":121,"column":null}},"55":{"start":{"line":118,"column":8},"end":{"line":120,"column":null}},"56":{"start":{"line":122,"column":6},"end":{"line":122,"column":null}},"57":{"start":{"line":124,"column":4},"end":{"line":124,"column":null}},"58":{"start":{"line":124,"column":29},"end":{"line":124,"column":50}},"59":{"start":{"line":126,"column":2},"end":{"line":126,"column":null}},"60":{"start":{"line":130,"column":2},"end":{"line":130,"column":null}},"61":{"start":{"line":138,"column":14},"end":{"line":138,"column":null}},"62":{"start":{"line":139,"column":2},"end":{"line":145,"column":null}},"63":{"start":{"line":140,"column":4},"end":{"line":144,"column":null}},"64":{"start":{"line":146,"column":2},"end":{"line":146,"column":null}}},"fnMap":{"0":{"name":"runJulesReview","decl":{"start":{"line":5,"column":22},"end":{"line":5,"column":null}},"loc":{"start":{"line":10,"column":69},"end":{"line":44,"column":null}},"line":10},"1":{"name":"parseJulesResponse","decl":{"start":{"line":46,"column":9},"end":{"line":46,"column":28}},"loc":{"start":{"line":46,"column":59},"end":{"line":61,"column":null}},"line":46},"2":{"name":"waitUntilSessionReady","decl":{"start":{"line":63,"column":15},"end":{"line":63,"column":37}},"loc":{"start":{"line":66,"column":18},"end":{"line":90,"column":null}},"line":66},"3":{"name":"(anonymous_3)","decl":{"start":{"line":85,"column":16},"end":{"line":85,"column":25}},"loc":{"start":{"line":85,"column":31},"end":{"line":85,"column":51}},"line":85},"4":{"name":"pollForReview","decl":{"start":{"line":92,"column":15},"end":{"line":92,"column":null}},"loc":{"start":{"line":99,"column":19},"end":{"line":127,"column":null}},"line":99},"5":{"name":"(anonymous_5)","decl":{"start":{"line":124,"column":14},"end":{"line":124,"column":23}},"loc":{"start":{"line":124,"column":29},"end":{"line":124,"column":50}},"line":124},"6":{"name":"isAuthError","decl":{"start":{"line":129,"column":16},"end":{"line":129,"column":28}},"loc":{"start":{"line":129,"column":50},"end":{"line":131,"column":null}},"line":129},"7":{"name":"wrapPermissionError","decl":{"start":{"line":133,"column":16},"end":{"line":133,"column":null}},"loc":{"start":{"line":137,"column":9},"end":{"line":147,"column":null}},"line":137}},"branchMap":{"0":{"loc":{"start":{"line":31,"column":2},"end":{"line":33,"column":null}},"type":"if","locations":[{"start":{"line":31,"column":2},"end":{"line":33,"column":null}},{"start":{},"end":{}}],"line":31},"1":{"loc":{"start":{"line":48,"column":2},"end":{"line":54,"column":null}},"type":"if","locations":[{"start":{"line":48,"column":2},"end":{"line":54,"column":null}},{"start":{},"end":{}}],"line":48},"2":{"loc":{"start":{"line":75,"column":18},"end":{"line":75,"column":null}},"type":"cond-expr","locations":[{"start":{"line":75,"column":41},"end":{"line":75,"column":55}},{"start":{"line":75,"column":55},"end":{"line":75,"column":null}}],"line":75},"3":{"loc":{"start":{"line":76,"column":6},"end":{"line":80,"column":null}},"type":"if","locations":[{"start":{"line":76,"column":6},"end":{"line":80,"column":null}},{"start":{},"end":{}}],"line":76},"4":{"loc":{"start":{"line":81,"column":6},"end":{"line":83,"column":null}},"type":"if","locations":[{"start":{"line":81,"column":6},"end":{"line":83,"column":null}},{"start":{},"end":{}}],"line":81},"5":{"loc":{"start":{"line":108,"column":8},"end":{"line":108,"column":null}},"type":"if","locations":[{"start":{"line":108,"column":8},"end":{"line":108,"column":null}},{"start":{},"end":{}}],"line":108},"6":{"loc":{"start":{"line":110,"column":6},"end":{"line":113,"column":null}},"type":"if","locations":[{"start":{"line":110,"column":6},"end":{"line":113,"column":null}},{"start":{},"end":{}}],"line":110},"7":{"loc":{"start":{"line":116,"column":18},"end":{"line":116,"column":null}},"type":"cond-expr","locations":[{"start":{"line":116,"column":41},"end":{"line":116,"column":55}},{"start":{"line":116,"column":55},"end":{"line":116,"column":null}}],"line":116},"8":{"loc":{"start":{"line":117,"column":6},"end":{"line":121,"column":null}},"type":"if","locations":[{"start":{"line":117,"column":6},"end":{"line":121,"column":null}},{"start":{},"end":{}}],"line":117},"9":{"loc":{"start":{"line":138,"column":14},"end":{"line":138,"column":null}},"type":"cond-expr","locations":[{"start":{"line":138,"column":37},"end":{"line":138,"column":51}},{"start":{"line":138,"column":51},"end":{"line":138,"column":null}}],"line":138},"10":{"loc":{"start":{"line":139,"column":2},"end":{"line":145,"column":null}},"type":"if","locations":[{"start":{"line":139,"column":2},"end":{"line":145,"column":null}},{"start":{},"end":{}}],"line":139},"11":{"loc":{"start":{"line":139,"column":6},"end":{"line":139,"column":67}},"type":"binary-expr","locations":[{"start":{"line":139,"column":6},"end":{"line":139,"column":26}},{"start":{"line":139,"column":26},"end":{"line":139,"column":67}}],"line":139},"12":{"loc":{"start":{"line":146,"column":9},"end":{"line":146,"column":null}},"type":"cond-expr","locations":[{"start":{"line":146,"column":32},"end":{"line":146,"column":38}},{"start":{"line":146,"column":38},"end":{"line":146,"column":null}}],"line":146}},"s":{"0":11,"1":11,"2":11,"3":11,"4":11,"5":8,"6":7,"7":7,"8":1,"9":6,"10":6,"11":2,"12":2,"13":4,"14":6,"15":6,"16":2,"17":2,"18":5,"19":5,"20":2,"21":11,"22":11,"23":11,"24":11,"25":31,"26":31,"27":8,"28":8,"29":23,"30":23,"31":1,"32":22,"33":1,"34":21,"35":21,"36":21,"37":21,"38":21,"39":8,"40":8,"41":8,"42":11,"43":11,"44":11,"45":9,"46":9,"47":7,"48":6,"49":9,"50":6,"51":6,"52":3,"53":2,"54":2,"55":1,"56":1,"57":4,"58":4,"59":1,"60":33,"61":4,"62":4,"63":2,"64":2},"f":{"0":11,"1":6,"2":11,"3":21,"4":8,"5":4,"6":33,"7":4},"b":{"0":[1,6],"1":[2,4],"2":[22,1],"3":[1,22],"4":[1,21],"5":[6,1],"6":[6,3],"7":[1,1],"8":[1,1],"9":[3,1],"10":[2,2],"11":[4,3],"12":[1,1]},"meta":{"lastBranch":13,"lastFunction":8,"lastStatement":65,"seen":{"f:5:22:5:Infinity":0,"s:11:22:11:Infinity":0,"s:13:2:13:Infinity":1,"s:15:18:20:Infinity":2,"s:21:2:21:Infinity":3,"s:23:2:23:Infinity":4,"s:25:24:28:Infinity":5,"s:29:2:29:Infinity":6,"b:31:2:33:Infinity:undefined:undefined:undefined:undefined":0,"s:31:2:33:Infinity":7,"s:32:4:32:Infinity":8,"s:36:2:41:Infinity":9,"s:37:4:37:Infinity":10,"s:39:4:39:Infinity":11,"s:40:4:40:Infinity":12,"s:43:2:43:Infinity":13,"f:46:9:46:28":1,"s:47:20:47:Infinity":14,"b:48:2:54:Infinity:undefined:undefined:undefined:undefined":1,"s:48:2:54:Infinity":15,"s:49:4:53:Infinity":16,"s:50:6:50:Infinity":17,"s:56:2:60:Infinity":18,"s:57:4:57:Infinity":19,"s:59:4:59:Infinity":20,"f:63:15:63:37":2,"s:67:22:67:Infinity":21,"s:68:14:68:Infinity":22,"s:69:2:88:Infinity":23,"s:69:15:69:18":24,"s:70:4:87:Infinity":25,"s:71:6:71:Infinity":26,"s:72:6:72:Infinity":27,"s:73:6:73:Infinity":28,"s:75:18:75:Infinity":29,"b:75:41:75:55:75:55:75:Infinity":2,"b:76:6:80:Infinity:undefined:undefined:undefined:undefined":3,"s:76:6:80:Infinity":30,"s:77:8:79:Infinity":31,"b:81:6:83:Infinity:undefined:undefined:undefined:undefined":4,"s:81:6:83:Infinity":32,"s:82:8:82:Infinity":33,"s:84:6:84:Infinity":34,"s:85:6:85:Infinity":35,"f:85:16:85:25":3,"s:85:31:85:51":36,"s:86:6:86:Infinity":37,"s:89:2:89:Infinity":38,"f:92:15:92:Infinity":4,"s:100:19:100:Infinity":39,"s:101:16:101:Infinity":40,"s:102:2:125:Infinity":41,"s:103:4:103:Infinity":42,"s:104:4:123:Infinity":43,"s:105:6:105:Infinity":44,"s:106:17:106:Infinity":45,"s:107:6:109:Infinity":46,"b:108:8:108:Infinity:undefined:undefined:undefined:undefined":5,"s:108:8:108:Infinity":47,"s:108:40:108:Infinity":48,"b:110:6:113:Infinity:undefined:undefined:undefined:undefined":6,"s:110:6:113:Infinity":49,"s:111:8:111:Infinity":50,"s:112:8:112:Infinity":51,"s:114:6:114:Infinity":52,"s:116:18:116:Infinity":53,"b:116:41:116:55:116:55:116:Infinity":7,"b:117:6:121:Infinity:undefined:undefined:undefined:undefined":8,"s:117:6:121:Infinity":54,"s:118:8:120:Infinity":55,"s:122:6:122:Infinity":56,"s:124:4:124:Infinity":57,"f:124:14:124:23":5,"s:124:29:124:50":58,"s:126:2:126:Infinity":59,"f:129:16:129:28":6,"s:130:2:130:Infinity":60,"f:133:16:133:Infinity":7,"s:138:14:138:Infinity":61,"b:138:37:138:51:138:51:138:Infinity":9,"b:139:2:145:Infinity:undefined:undefined:undefined:undefined":10,"s:139:2:145:Infinity":62,"b:139:6:139:26:139:26:139:67":11,"s:140:4:144:Infinity":63,"s:146:2:146:Infinity":64,"b:146:32:146:38:146:38:146:Infinity":12},"fnNames":{}}}
,"/home/thales/projects/jules-pr-reviewer/src/prompt.ts": {"path":"/home/thales/projects/jules-pr-reviewer/src/prompt.ts","statementMap":{"0":{"start":{"line":8,"column":6},"end":{"line":8,"column":null}},"1":{"start":{"line":10,"column":23},"end":{"line":10,"column":null}},"2":{"start":{"line":11,"column":2},"end":{"line":19,"column":null}},"3":{"start":{"line":12,"column":4},"end":{"line":17,"column":null}},"4":{"start":{"line":17,"column":23},"end":{"line":17,"column":96}},"5":{"start":{"line":21,"column":2},"end":{"line":49,"column":null}}},"fnMap":{"0":{"name":"buildReviewPrompt","decl":{"start":{"line":3,"column":16},"end":{"line":3,"column":34}},"loc":{"start":{"line":3,"column":60},"end":{"line":87,"column":null}},"line":3},"1":{"name":"(anonymous_1)","decl":{"start":{"line":17,"column":14},"end":{"line":17,"column":18}},"loc":{"start":{"line":17,"column":23},"end":{"line":17,"column":96}},"line":17}},"branchMap":{"0":{"loc":{"start":{"line":11,"column":2},"end":{"line":19,"column":null}},"type":"if","locations":[{"start":{"line":11,"column":2},"end":{"line":19,"column":null}},{"start":{},"end":{}}],"line":11},"1":{"loc":{"start":{"line":11,"column":6},"end":{"line":11,"column":45}},"type":"binary-expr","locations":[{"start":{"line":11,"column":6},"end":{"line":11,"column":21}},{"start":{"line":11,"column":21},"end":{"line":11,"column":45}}],"line":11},"2":{"loc":{"start":{"line":35,"column":2},"end":{"line":35,"column":null}},"type":"binary-expr","locations":[{"start":{"line":35,"column":2},"end":{"line":35,"column":12}},{"start":{"line":35,"column":12},"end":{"line":35,"column":null}}],"line":35},"3":{"loc":{"start":{"line":38,"column":2},"end":{"line":38,"column":null}},"type":"cond-expr","locations":[{"start":{"line":38,"column":22},"end":{"line":38,"column":55}},{"start":{"line":38,"column":55},"end":{"line":38,"column":null}}],"line":38},"4":{"loc":{"start":{"line":42,"column":2},"end":{"line":45,"column":9}},"type":"cond-expr","locations":[{"start":{"line":42,"column":18},"end":{"line":45,"column":9}},{"start":{"line":45,"column":4},"end":{"line":45,"column":9}}],"line":42},"5":{"loc":{"start":{"line":45,"column":9},"end":{"line":48,"column":null}},"type":"cond-expr","locations":[{"start":{"line":45,"column":29},"end":{"line":48,"column":null}},{"start":{"line":48,"column":4},"end":{"line":48,"column":null}}],"line":45}},"s":{"0":14,"1":14,"2":14,"3":2,"4":3,"5":14},"f":{"0":14,"1":3},"b":{"0":[2,12],"1":[14,14],"2":[14,1],"3":[2,12],"4":[2,12],"5":[1,13]},"meta":{"lastBranch":6,"lastFunction":2,"lastStatement":6,"seen":{"f:3:16:3:34":0,"s:8:6:8:Infinity":0,"s:10:23:10:Infinity":1,"b:11:2:19:Infinity:undefined:undefined:undefined:undefined":0,"s:11:2:19:Infinity":2,"b:11:6:11:21:11:21:11:45":1,"s:12:4:17:Infinity":3,"f:17:14:17:18":1,"s:17:23:17:96":4,"s:21:2:49:Infinity":5,"b:35:2:35:12:35:12:35:Infinity":2,"b:38:22:38:55:38:55:38:Infinity":3,"b:42:18:45:9:45:4:45:9":4,"b:45:29:48:Infinity:48:4:48:Infinity":5},"fnNames":{}}}
}
