{"/home/thales/projects/jules-pr-reviewer/src/github.ts": {"path":"/home/thales/projects/jules-pr-reviewer/src/github.ts","statementMap":{"0":{"start":{"line":13,"column":2},"end":{"line":26,"column":null}},"1":{"start":{"line":14,"column":20},"end":{"line":19,"column":null}},"2":{"start":{"line":20,"column":17},"end":{"line":20,"column":null}},"3":{"start":{"line":21,"column":4},"end":{"line":21,"column":null}},"4":{"start":{"line":21,"column":34},"end":{"line":21,"column":null}},"5":{"start":{"line":23,"column":4},"end":{"line":25,"column":null}},"6":{"start":{"line":29,"column":14},"end":{"line":34,"column":null}},"7":{"start":{"line":35,"column":15},"end":{"line":35,"column":null}},"8":{"start":{"line":36,"column":2},"end":{"line":36,"column":null}},"9":{"start":{"line":36,"column":32},"end":{"line":36,"column":null}},"10":{"start":{"line":38,"column":2},"end":{"line":38,"column":null}},"11":{"start":{"line":48,"column":2},"end":{"line":63,"column":null}},"12":{"start":{"line":49,"column":17},"end":{"line":54,"column":null}},"13":{"start":{"line":55,"column":4},"end":{"line":59,"column":null}},"14":{"start":{"line":56,"column":22},"end":{"line":56,"column":null}},"15":{"start":{"line":57,"column":6},"end":{"line":57,"column":null}},"16":{"start":{"line":58,"column":6},"end":{"line":58,"column":null}},"17":{"start":{"line":60,"column":4},"end":{"line":60,"column":null}},"18":{"start":{"line":62,"column":4},"end":{"line":62,"column":null}},"19":{"start":{"line":72,"column":16},"end":{"line":72,"column":null}},"20":{"start":{"line":95,"column":24},"end":{"line":99,"column":null}},"21":{"start":{"line":100,"column":18},"end":{"line":100,"column":null}},"22":{"start":{"line":102,"column":14},"end":{"line":102,"column":null}},"23":{"start":{"line":103,"column":31},"end":{"line":103,"column":null}},"24":{"start":{"line":104,"column":2},"end":{"line":117,"column":null}},"25":{"start":{"line":105,"column":4},"end":{"line":105,"column":null}},"26":{"start":{"line":105,"column":27},"end":{"line":105,"column":null}},"27":{"start":{"line":106,"column":25},"end":{"line":106,"column":null}},"28":{"start":{"line":107,"column":4},"end":{"line":107,"column":null}},"29":{"start":{"line":107,"column":23},"end":{"line":107,"column":null}},"30":{"start":{"line":108,"column":4},"end":{"line":116,"column":null}},"31":{"start":{"line":109,"column":6},"end":{"line":115,"column":null}},"32":{"start":{"line":118,"column":2},"end":{"line":118,"column":null}},"33":{"start":{"line":125,"column":2},"end":{"line":141,"column":null}},"34":{"start":{"line":126,"column":4},"end":{"line":140,"column":null}},"35":{"start":{"line":127,"column":6},"end":{"line":136,"column":null}},"36":{"start":{"line":137,"column":6},"end":{"line":137,"column":null}},"37":{"start":{"line":139,"column":6},"end":{"line":139,"column":null}},"38":{"start":{"line":153,"column":28},"end":{"line":180,"column":null}},"39":{"start":{"line":155,"column":6},"end":{"line":155,"column":null}},"40":{"start":{"line":157,"column":6},"end":{"line":157,"column":null}},"41":{"start":{"line":159,"column":15},"end":{"line":162,"column":null}},"42":{"start":{"line":164,"column":4},"end":{"line":172,"column":null}},"43":{"start":{"line":165,"column":6},"end":{"line":170,"column":null}},"44":{"start":{"line":174,"column":4},"end":{"line":179,"column":null}},"45":{"start":{"line":182,"column":2},"end":{"line":190,"column":null}},"46":{"start":{"line":202,"column":2},"end":{"line":209,"column":null}}},"fnMap":{"0":{"name":"fetchDiff","decl":{"start":{"line":5,"column":22},"end":{"line":5,"column":null}},"loc":{"start":{"line":12,"column":19},"end":{"line":39,"column":null}},"line":12},"1":{"name":"loadRulesFromBase","decl":{"start":{"line":41,"column":22},"end":{"line":41,"column":null}},"loc":{"start":{"line":47,"column":31},"end":{"line":64,"column":null}},"line":47},"2":{"name":"fetchOpenThreads","decl":{"start":{"line":66,"column":22},"end":{"line":66,"column":null}},"loc":{"start":{"line":71,"column":25},"end":{"line":119,"column":null}},"line":71},"3":{"name":"resolveThreads","decl":{"start":{"line":121,"column":22},"end":{"line":121,"column":null}},"loc":{"start":{"line":124,"column":17},"end":{"line":142,"column":null}},"line":124},"4":{"name":"submitReview","decl":{"start":{"line":144,"column":22},"end":{"line":144,"column":null}},"loc":{"start":{"line":152,"column":17},"end":{"line":191,"column":null}},"line":152},"5":{"name":"(anonymous_5)","decl":{"start":{"line":153,"column":37},"end":{"line":153,"column":42}},"loc":{"start":{"line":153,"column":48},"end":{"line":180,"column":3}},"line":153},"6":{"name":"setStatus","decl":{"start":{"line":193,"column":22},"end":{"line":193,"column":null}},"loc":{"start":{"line":201,"column":17},"end":{"line":210,"column":null}},"line":201}},"branchMap":{"0":{"loc":{"start":{"line":21,"column":4},"end":{"line":21,"column":null}},"type":"if","locations":[{"start":{"line":21,"column":4},"end":{"line":21,"column":null}},{"start":{},"end":{}}],"line":21},"1":{"loc":{"start":{"line":36,"column":2},"end":{"line":36,"column":null}},"type":"if","locations":[{"start":{"line":36,"column":2},"end":{"line":36,"column":null}},{"start":{},"end":{}}],"line":36},"2":{"loc":{"start":{"line":55,"column":4},"end":{"line":59,"column":null}},"type":"if","locations":[{"start":{"line":55,"column":4},"end":{"line":59,"column":null}},{"start":{},"end":{}}],"line":55},"3":{"loc":{"start":{"line":55,"column":8},"end":{"line":55,"column":73}},"type":"binary-expr","locations":[{"start":{"line":55,"column":8},"end":{"line":55,"column":34}},{"start":{"line":55,"column":34},"end":{"line":55,"column":73}}],"line":55},"4":{"loc":{"start":{"line":100,"column":18},"end":{"line":100,"column":null}},"type":"binary-expr","locations":[{"start":{"line":100,"column":18},"end":{"line":100,"column":76}},{"start":{"line":100,"column":76},"end":{"line":100,"column":null}}],"line":100},"5":{"loc":{"start":{"line":105,"column":4},"end":{"line":105,"column":null}},"type":"if","locations":[{"start":{"line":105,"column":4},"end":{"line":105,"column":null}},{"start":{},"end":{}}],"line":105},"6":{"loc":{"start":{"line":107,"column":4},"end":{"line":107,"column":null}},"type":"if","locations":[{"start":{"line":107,"column":4},"end":{"line":107,"column":null}},{"start":{},"end":{}}],"line":107},"7":{"loc":{"start":{"line":108,"column":4},"end":{"line":116,"column":null}},"type":"if","locations":[{"start":{"line":108,"column":4},"end":{"line":116,"column":null}},{"start":{},"end":{}}],"line":108},"8":{"loc":{"start":{"line":113,"column":14},"end":{"line":113,"column":null}},"type":"binary-expr","locations":[{"start":{"line":113,"column":14},"end":{"line":113,"column":35}},{"start":{"line":113,"column":35},"end":{"line":113,"column":null}}],"line":113},"9":{"loc":{"start":{"line":155,"column":6},"end":{"line":155,"column":null}},"type":"cond-expr","locations":[{"start":{"line":155,"column":30},"end":{"line":155,"column":37}},{"start":{"line":155,"column":37},"end":{"line":155,"column":null}}],"line":155},"10":{"loc":{"start":{"line":155,"column":37},"end":{"line":155,"column":null}},"type":"cond-expr","locations":[{"start":{"line":155,"column":64},"end":{"line":155,"column":71}},{"start":{"line":155,"column":71},"end":{"line":155,"column":null}}],"line":155},"11":{"loc":{"start":{"line":157,"column":6},"end":{"line":157,"column":null}},"type":"cond-expr","locations":[{"start":{"line":157,"column":32},"end":{"line":157,"column":39}},{"start":{"line":157,"column":39},"end":{"line":157,"column":null}}],"line":157},"12":{"loc":{"start":{"line":157,"column":39},"end":{"line":157,"column":null}},"type":"cond-expr","locations":[{"start":{"line":157,"column":67},"end":{"line":157,"column":74}},{"start":{"line":157,"column":74},"end":{"line":157,"column":null}}],"line":157},"13":{"loc":{"start":{"line":164,"column":4},"end":{"line":172,"column":null}},"type":"if","locations":[{"start":{"line":164,"column":4},"end":{"line":172,"column":null}},{"start":{},"end":{}}],"line":164}},"s":{"0":4,"1":4,"2":2,"3":2,"4":1,"5":2,"6":3,"7":3,"8":3,"9":2,"10":1,"11":3,"12":3,"13":2,"14":1,"15":1,"16":1,"17":1,"18":1,"19":2,"20":2,"21":2,"22":2,"23":2,"24":2,"25":5,"26":1,"27":4,"28":4,"29":1,"30":3,"31":2,"32":2,"33":2,"34":4,"35":4,"36":3,"37":1,"38":1,"39":3,"40":3,"41":3,"42":3,"43":1,"44":3,"45":1,"46":1},"f":{"0":4,"1":3,"2":2,"3":2,"4":1,"5":3,"6":1},"b":{"0":[1,1],"1":[2,1],"2":[1,1],"3":[2,1],"4":[2,1],"5":[1,4],"6":[1,3],"7":[2,1],"8":[2,1],"9":[1,2],"10":[1,1],"11":[1,2],"12":[1,1],"13":[1,2]},"meta":{"lastBranch":14,"lastFunction":7,"lastStatement":47,"seen":{"f:5:22:5:Infinity":0,"s:13:2:26:Infinity":0,"s:14:20:19:Infinity":1,"s:20:17:20:Infinity":2,"b:21:4:21:Infinity:undefined:undefined:undefined:undefined":0,"s:21:4:21:Infinity":3,"s:21:34:21:Infinity":4,"s:23:4:25:Infinity":5,"s:29:14:34:Infinity":6,"s:35:15:35:Infinity":7,"b:36:2:36:Infinity:undefined:undefined:undefined:undefined":1,"s:36:2:36:Infinity":8,"s:36:32:36:Infinity":9,"s:38:2:38:Infinity":10,"f:41:22:41:Infinity":1,"s:48:2:63:Infinity":11,"s:49:17:54:Infinity":12,"b:55:4:59:Infinity:undefined:undefined:undefined:undefined":2,"s:55:4:59:Infinity":13,"b:55:8:55:34:55:34:55:73":3,"s:56:22:56:Infinity":14,"s:57:6:57:Infinity":15,"s:58:6:58:Infinity":16,"s:60:4:60:Infinity":17,"s:62:4:62:Infinity":18,"f:66:22:66:Infinity":2,"s:72:16:72:Infinity":19,"s:95:24:99:Infinity":20,"s:100:18:100:Infinity":21,"b:100:18:100:76:100:76:100:Infinity":4,"s:102:14:102:Infinity":22,"s:103:31:103:Infinity":23,"s:104:2:117:Infinity":24,"b:105:4:105:Infinity:undefined:undefined:undefined:undefined":5,"s:105:4:105:Infinity":25,"s:105:27:105:Infinity":26,"s:106:25:106:Infinity":27,"b:107:4:107:Infinity:undefined:undefined:undefined:undefined":6,"s:107:4:107:Infinity":28,"s:107:23:107:Infinity":29,"b:108:4:116:Infinity:undefined:undefined:undefined:undefined":7,"s:108:4:116:Infinity":30,"s:109:6:115:Infinity":31,"b:113:14:113:35:113:35:113:Infinity":8,"s:118:2:118:Infinity":32,"f:121:22:121:Infinity":3,"s:125:2:141:Infinity":33,"s:126:4:140:Infinity":34,"s:127:6:136:Infinity":35,"s:137:6:137:Infinity":36,"s:139:6:139:Infinity":37,"f:144:22:144:Infinity":4,"s:153:28:180:Infinity":38,"f:153:37:153:42":5,"s:155:6:155:Infinity":39,"b:155:30:155:37:155:37:155:Infinity":9,"b:155:64:155:71:155:71:155:Infinity":10,"s:157:6:157:Infinity":40,"b:157:32:157:39:157:39:157:Infinity":11,"b:157:67:157:74:157:74:157:Infinity":12,"s:159:15:162:Infinity":41,"b:164:4:172:Infinity:undefined:undefined:undefined:undefined":13,"s:164:4:172:Infinity":42,"s:165:6:170:Infinity":43,"s:174:4:179:Infinity":44,"s:182:2:190:Infinity":45,"f:193:22:193:Infinity":6,"s:202:2:209:Infinity":46},"fnNames":{}}}
,"/home/thales/projects/jules-pr-reviewer/src/index.ts": {"path":"/home/thales/projects/jules-pr-reviewer/src/index.ts","statementMap":{"0":{"start":{"line":15,"column":23},"end":{"line":15,"column":null}},"1":{"start":{"line":16,"column":32},"end":{"line":16,"column":null}},"2":{"start":{"line":19,"column":17},"end":{"line":19,"column":null}},"3":{"start":{"line":20,"column":2},"end":{"line":20,"column":null}},"4":{"start":{"line":22,"column":16},"end":{"line":22,"column":null}},"5":{"start":{"line":23,"column":20},"end":{"line":23,"column":null}},"6":{"start":{"line":24,"column":2},"end":{"line":29,"column":null}},"7":{"start":{"line":25,"column":4},"end":{"line":27,"column":null}},"8":{"start":{"line":28,"column":4},"end":{"line":28,"column":null}},"9":{"start":{"line":30,"column":17},"end":{"line":30,"column":null}},"10":{"start":{"line":31,"column":21},"end":{"line":31,"column":null}},"11":{"start":{"line":32,"column":20},"end":{"line":32,"column":null}},"12":{"start":{"line":33,"column":22},"end":{"line":33,"column":null}},"13":{"start":{"line":34,"column":24},"end":{"line":34,"column":null}},"14":{"start":{"line":35,"column":28},"end":{"line":35,"column":null}},"15":{"start":{"line":36,"column":24},"end":{"line":36,"column":null}},"16":{"start":{"line":37,"column":28},"end":{"line":37,"column":null}},"17":{"start":{"line":38,"column":25},"end":{"line":38,"column":null}},"18":{"start":{"line":40,"column":14},"end":{"line":40,"column":null}},"19":{"start":{"line":41,"column":2},"end":{"line":46,"column":null}},"20":{"start":{"line":42,"column":4},"end":{"line":44,"column":null}},"21":{"start":{"line":45,"column":4},"end":{"line":45,"column":null}},"22":{"start":{"line":47,"column":2},"end":{"line":52,"column":null}},"23":{"start":{"line":48,"column":4},"end":{"line":50,"column":null}},"24":{"start":{"line":51,"column":4},"end":{"line":51,"column":null}},"25":{"start":{"line":54,"column":13},"end":{"line":54,"column":null}},"26":{"start":{"line":55,"column":2},"end":{"line":58,"column":null}},"27":{"start":{"line":56,"column":4},"end":{"line":56,"column":null}},"28":{"start":{"line":57,"column":4},"end":{"line":57,"column":null}},"29":{"start":{"line":60,"column":16},"end":{"line":60,"column":null}},"30":{"start":{"line":61,"column":15},"end":{"line":61,"column":null}},"31":{"start":{"line":62,"column":19},"end":{"line":62,"column":null}},"32":{"start":{"line":63,"column":26},"end":{"line":63,"column":null}},"33":{"start":{"line":64,"column":26},"end":{"line":64,"column":null}},"34":{"start":{"line":65,"column":27},"end":{"line":65,"column":null}},"35":{"start":{"line":66,"column":26},"end":{"line":66,"column":null}},"36":{"start":{"line":67,"column":8},"end":{"line":69,"column":null}},"37":{"start":{"line":68,"column":29},"end":{"line":68,"column":null}},"38":{"start":{"line":71,"column":18},"end":{"line":71,"column":null}},"39":{"start":{"line":73,"column":2},"end":{"line":76,"column":null}},"40":{"start":{"line":74,"column":4},"end":{"line":74,"column":null}},"41":{"start":{"line":75,"column":4},"end":{"line":75,"column":null}},"42":{"start":{"line":77,"column":2},"end":{"line":80,"column":null}},"43":{"start":{"line":78,"column":4},"end":{"line":78,"column":null}},"44":{"start":{"line":79,"column":4},"end":{"line":79,"column":null}},"45":{"start":{"line":81,"column":2},"end":{"line":84,"column":null}},"46":{"start":{"line":82,"column":4},"end":{"line":82,"column":null}},"47":{"start":{"line":83,"column":4},"end":{"line":83,"column":null}},"48":{"start":{"line":86,"column":2},"end":{"line":223,"column":null}},"49":{"start":{"line":87,"column":4},"end":{"line":99,"column":null}},"50":{"start":{"line":88,"column":6},"end":{"line":96,"column":null}},"51":{"start":{"line":98,"column":6},"end":{"line":98,"column":null}},"52":{"start":{"line":102,"column":25},"end":{"line":102,"column":null}},"53":{"start":{"line":103,"column":4},"end":{"line":110,"column":null}},"54":{"start":{"line":104,"column":6},"end":{"line":104,"column":null}},"55":{"start":{"line":105,"column":6},"end":{"line":107,"column":null}},"56":{"start":{"line":109,"column":6},"end":{"line":109,"column":null}},"57":{"start":{"line":112,"column":17},"end":{"line":119,"column":null}},"58":{"start":{"line":122,"column":4},"end":{"line":130,"column":null}},"59":{"start":{"line":123,"column":6},"end":{"line":129,"column":null}},"60":{"start":{"line":132,"column":46},"end":{"line":132,"column":null}},"61":{"start":{"line":134,"column":24},"end":{"line":134,"column":null}},"62":{"start":{"line":136,"column":10},"end":{"line":146,"column":null}},"63":{"start":{"line":148,"column":40},"end":{"line":153,"column":null}},"64":{"start":{"line":155,"column":4},"end":{"line":169,"column":null}},"65":{"start":{"line":156,"column":6},"end":{"line":164,"column":null}},"66":{"start":{"line":165,"column":6},"end":{"line":167,"column":null}},"67":{"start":{"line":168,"column":6},"end":{"line":168,"column":null}},"68":{"start":{"line":171,"column":66},"end":{"line":171,"column":null}},"69":{"start":{"line":174,"column":4},"end":{"line":182,"column":null}},"70":{"start":{"line":175,"column":33},"end":{"line":177,"column":null}},"71":{"start":{"line":176,"column":23},"end":{"line":176,"column":59}},"72":{"start":{"line":177,"column":20},"end":{"line":177,"column":30}},"73":{"start":{"line":179,"column":6},"end":{"line":181,"column":null}},"74":{"start":{"line":180,"column":8},"end":{"line":180,"column":null}},"75":{"start":{"line":185,"column":22},"end":{"line":185,"column":null}},"76":{"start":{"line":187,"column":4},"end":{"line":195,"column":null}},"77":{"start":{"line":197,"column":35},"end":{"line":197,"column":null}},"78":{"start":{"line":198,"column":4},"end":{"line":206,"column":null}},"79":{"start":{"line":208,"column":4},"end":{"line":208,"column":null}},"80":{"start":{"line":210,"column":16},"end":{"line":210,"column":null}},"81":{"start":{"line":211,"column":4},"end":{"line":211,"column":null}},"82":{"start":{"line":213,"column":4},"end":{"line":221,"column":null}},"83":{"start":{"line":222,"column":4},"end":{"line":222,"column":null}},"84":{"start":{"line":230,"column":2},"end":{"line":230,"column":null}},"85":{"start":{"line":230,"column":31},"end":{"line":230,"column":null}},"86":{"start":{"line":231,"column":15},"end":{"line":231,"column":null}},"87":{"start":{"line":232,"column":2},"end":{"line":235,"column":null}},"88":{"start":{"line":239,"column":2},"end":{"line":239,"column":null}},"89":{"start":{"line":246,"column":2},"end":{"line":251,"column":null}},"90":{"start":{"line":247,"column":4},"end":{"line":250,"column":null}},"91":{"start":{"line":252,"column":2},"end":{"line":256,"column":null}},"92":{"start":{"line":253,"column":4},"end":{"line":255,"column":null}},"93":{"start":{"line":257,"column":2},"end":{"line":262,"column":null}},"94":{"start":{"line":265,"column":0},"end":{"line":267,"column":null}},"95":{"start":{"line":266,"column":2},"end":{"line":266,"column":null}}},"fnMap":{"0":{"name":"run","decl":{"start":{"line":18,"column":15},"end":{"line":18,"column":36}},"loc":{"start":{"line":18,"column":36},"end":{"line":224,"column":null}},"line":18},"1":{"name":"(anonymous_1)","decl":{"start":{"line":67,"column":45},"end":{"line":67,"column":null}},"loc":{"start":{"line":68,"column":29},"end":{"line":68,"column":null}},"line":68},"2":{"name":"(anonymous_2)","decl":{"start":{"line":176,"column":9},"end":{"line":176,"column":17}},"loc":{"start":{"line":176,"column":23},"end":{"line":176,"column":59}},"line":176},"3":{"name":"(anonymous_3)","decl":{"start":{"line":177,"column":9},"end":{"line":177,"column":14}},"loc":{"start":{"line":177,"column":20},"end":{"line":177,"column":30}},"line":177},"4":{"name":"(anonymous_4)","decl":{"start":{"line":221,"column":6},"end":{"line":221,"column":18}},"loc":{"start":{"line":221,"column":18},"end":{"line":221,"column":20}},"line":221},"5":{"name":"truncateDiff","decl":{"start":{"line":226,"column":9},"end":{"line":226,"column":null}},"loc":{"start":{"line":229,"column":44},"end":{"line":236,"column":null}},"line":229},"6":{"name":"truncate","decl":{"start":{"line":238,"column":9},"end":{"line":238,"column":18}},"loc":{"start":{"line":238,"column":50},"end":{"line":240,"column":null}},"line":238},"7":{"name":"statusFromVerdict","decl":{"start":{"line":242,"column":9},"end":{"line":242,"column":null}},"loc":{"start":{"line":245,"column":57},"end":{"line":263,"column":null}},"line":245},"8":{"name":"(anonymous_8)","decl":{"start":{"line":265,"column":6},"end":{"line":265,"column":13}},"loc":{"start":{"line":265,"column":21},"end":{"line":267,"column":1}},"line":265}},"branchMap":{"0":{"loc":{"start":{"line":24,"column":2},"end":{"line":29,"column":null}},"type":"if","locations":[{"start":{"line":24,"column":2},"end":{"line":29,"column":null}},{"start":{},"end":{}}],"line":24},"1":{"loc":{"start":{"line":37,"column":28},"end":{"line":37,"column":null}},"type":"binary-expr","locations":[{"start":{"line":37,"column":28},"end":{"line":37,"column":64}},{"start":{"line":37,"column":64},"end":{"line":37,"column":null}}],"line":37},"2":{"loc":{"start":{"line":38,"column":37},"end":{"line":38,"column":74}},"type":"binary-expr","locations":[{"start":{"line":38,"column":37},"end":{"line":38,"column":72}},{"start":{"line":38,"column":72},"end":{"line":38,"column":74}}],"line":38},"3":{"loc":{"start":{"line":41,"column":2},"end":{"line":46,"column":null}},"type":"if","locations":[{"start":{"line":41,"column":2},"end":{"line":46,"column":null}},{"start":{},"end":{}}],"line":41},"4":{"loc":{"start":{"line":47,"column":2},"end":{"line":52,"column":null}},"type":"if","locations":[{"start":{"line":47,"column":2},"end":{"line":52,"column":null}},{"start":{},"end":{}}],"line":47},"5":{"loc":{"start":{"line":55,"column":2},"end":{"line":58,"column":null}},"type":"if","locations":[{"start":{"line":55,"column":2},"end":{"line":58,"column":null}},{"start":{},"end":{}}],"line":55},"6":{"loc":{"start":{"line":67,"column":28},"end":{"line":67,"column":45}},"type":"binary-expr","locations":[{"start":{"line":67,"column":28},"end":{"line":67,"column":41}},{"start":{"line":67,"column":41},"end":{"line":67,"column":45}}],"line":67},"7":{"loc":{"start":{"line":73,"column":2},"end":{"line":76,"column":null}},"type":"if","locations":[{"start":{"line":73,"column":2},"end":{"line":76,"column":null}},{"start":{},"end":{}}],"line":73},"8":{"loc":{"start":{"line":73,"column":6},"end":{"line":73,"column":29}},"type":"binary-expr","locations":[{"start":{"line":73,"column":6},"end":{"line":73,"column":17}},{"start":{"line":73,"column":17},"end":{"line":73,"column":29}}],"line":73},"9":{"loc":{"start":{"line":77,"column":2},"end":{"line":80,"column":null}},"type":"if","locations":[{"start":{"line":77,"column":2},"end":{"line":80,"column":null}},{"start":{},"end":{}}],"line":77},"10":{"loc":{"start":{"line":77,"column":6},"end":{"line":77,"column":27}},"type":"binary-expr","locations":[{"start":{"line":77,"column":6},"end":{"line":77,"column":16}},{"start":{"line":77,"column":16},"end":{"line":77,"column":27}}],"line":77},"11":{"loc":{"start":{"line":81,"column":2},"end":{"line":84,"column":null}},"type":"if","locations":[{"start":{"line":81,"column":2},"end":{"line":84,"column":null}},{"start":{},"end":{}}],"line":81},"12":{"loc":{"start":{"line":103,"column":4},"end":{"line":110,"column":null}},"type":"if","locations":[{"start":{"line":103,"column":4},"end":{"line":110,"column":null}},{"start":{"line":108,"column":11},"end":{"line":110,"column":null}}],"line":103},"13":{"loc":{"start":{"line":103,"column":8},"end":{"line":103,"column":68}},"type":"binary-expr","locations":[{"start":{"line":103,"column":8},"end":{"line":103,"column":48}},{"start":{"line":103,"column":48},"end":{"line":103,"column":68}}],"line":103},"14":{"loc":{"start":{"line":122,"column":4},"end":{"line":130,"column":null}},"type":"if","locations":[{"start":{"line":122,"column":4},"end":{"line":130,"column":null}},{"start":{},"end":{}}],"line":122},"15":{"loc":{"start":{"line":139,"column":15},"end":{"line":139,"column":null}},"type":"binary-expr","locations":[{"start":{"line":139,"column":15},"end":{"line":139,"column":27}},{"start":{"line":139,"column":27},"end":{"line":139,"column":null}}],"line":139},"16":{"loc":{"start":{"line":140,"column":14},"end":{"line":140,"column":null}},"type":"binary-expr","locations":[{"start":{"line":140,"column":14},"end":{"line":140,"column":25}},{"start":{"line":140,"column":25},"end":{"line":140,"column":null}}],"line":140},"17":{"loc":{"start":{"line":143,"column":25},"end":{"line":143,"column":null}},"type":"binary-expr","locations":[{"start":{"line":143,"column":25},"end":{"line":143,"column":46}},{"start":{"line":143,"column":46},"end":{"line":143,"column":null}}],"line":143},"18":{"loc":{"start":{"line":155,"column":4},"end":{"line":169,"column":null}},"type":"if","locations":[{"start":{"line":155,"column":4},"end":{"line":169,"column":null}},{"start":{},"end":{}}],"line":155},"19":{"loc":{"start":{"line":174,"column":4},"end":{"line":182,"column":null}},"type":"if","locations":[{"start":{"line":174,"column":4},"end":{"line":182,"column":null}},{"start":{},"end":{}}],"line":174},"20":{"loc":{"start":{"line":174,"column":8},"end":{"line":174,"column":61}},"type":"binary-expr","locations":[{"start":{"line":174,"column":8},"end":{"line":174,"column":30}},{"start":{"line":174,"column":30},"end":{"line":174,"column":61}}],"line":174},"21":{"loc":{"start":{"line":179,"column":6},"end":{"line":181,"column":null}},"type":"if","locations":[{"start":{"line":179,"column":6},"end":{"line":181,"column":null}},{"start":{},"end":{}}],"line":179},"22":{"loc":{"start":{"line":194,"column":6},"end":{"line":194,"column":null}},"type":"binary-expr","locations":[{"start":{"line":194,"column":6},"end":{"line":194,"column":21}},{"start":{"line":194,"column":21},"end":{"line":194,"column":null}}],"line":194},"23":{"loc":{"start":{"line":210,"column":16},"end":{"line":210,"column":null}},"type":"cond-expr","locations":[{"start":{"line":210,"column":39},"end":{"line":210,"column":53}},{"start":{"line":210,"column":53},"end":{"line":210,"column":null}}],"line":210},"24":{"loc":{"start":{"line":230,"column":2},"end":{"line":230,"column":null}},"type":"if","locations":[{"start":{"line":230,"column":2},"end":{"line":230,"column":null}},{"start":{},"end":{}}],"line":230},"25":{"loc":{"start":{"line":239,"column":9},"end":{"line":239,"column":null}},"type":"cond-expr","locations":[{"start":{"line":239,"column":27},"end":{"line":239,"column":31}},{"start":{"line":239,"column":31},"end":{"line":239,"column":null}}],"line":239},"26":{"loc":{"start":{"line":246,"column":2},"end":{"line":251,"column":null}},"type":"if","locations":[{"start":{"line":246,"column":2},"end":{"line":251,"column":null}},{"start":{},"end":{}}],"line":246},"27":{"loc":{"start":{"line":252,"column":2},"end":{"line":256,"column":null}},"type":"if","locations":[{"start":{"line":252,"column":2},"end":{"line":256,"column":null}},{"start":{},"end":{}}],"line":252},"28":{"loc":{"start":{"line":253,"column":11},"end":{"line":255,"column":null}},"type":"cond-expr","locations":[{"start":{"line":254,"column":8},"end":{"line":254,"column":null}},{"start":{"line":255,"column":8},"end":{"line":255,"column":null}}],"line":253},"29":{"loc":{"start":{"line":257,"column":9},"end":{"line":262,"column":null}},"type":"cond-expr","locations":[{"start":{"line":258,"column":6},"end":{"line":258,"column":null}},{"start":{"line":259,"column":6},"end":{"line":262,"column":null}}],"line":257},"30":{"loc":{"start":{"line":266,"column":17},"end":{"line":266,"column":65}},"type":"cond-expr","locations":[{"start":{"line":266,"column":40},"end":{"line":266,"column":54}},{"start":{"line":266,"column":54},"end":{"line":266,"column":65}}],"line":266}},"s":{"0":19,"1":19,"2":19,"3":19,"4":19,"5":19,"6":19,"7":1,"8":1,"9":16,"10":16,"11":16,"12":16,"13":16,"14":16,"15":16,"16":16,"17":19,"18":19,"19":19,"20":1,"21":1,"22":15,"23":1,"24":1,"25":14,"26":14,"27":1,"28":1,"29":13,"30":13,"31":13,"32":13,"33":13,"34":13,"35":13,"36":19,"37":1,"38":19,"39":19,"40":1,"41":1,"42":12,"43":1,"44":1,"45":11,"46":1,"47":1,"48":10,"49":10,"50":10,"51":1,"52":9,"53":9,"54":1,"55":1,"56":8,"57":9,"58":8,"59":1,"60":8,"61":8,"62":8,"63":19,"64":8,"65":1,"66":1,"67":1,"68":7,"69":7,"70":1,"71":2,"72":1,"73":1,"74":1,"75":7,"76":7,"77":7,"78":7,"79":7,"80":2,"81":2,"82":2,"83":2,"84":8,"85":7,"86":1,"87":1,"88":2,"89":7,"90":1,"91":6,"92":5,"93":1,"94":19,"95":2},"f":{"0":19,"1":1,"2":2,"3":1,"4":0,"5":8,"6":2,"7":7,"8":2},"b":{"0":[1,18],"1":[16,4],"2":[19,0],"3":[1,18],"4":[1,14],"5":[1,13],"6":[19,0],"7":[1,18],"8":[19,1],"9":[1,11],"10":[12,1],"11":[1,10],"12":[1,8],"13":[9,1],"14":[1,7],"15":[8,0],"16":[19,0],"17":[19,8],"18":[1,7],"19":[1,6],"20":[7,1],"21":[1,0],"22":[7,1],"23":[2,0],"24":[7,1],"25":[2,0],"26":[1,6],"27":[5,1],"28":[5,0],"29":[1,0],"30":[1,1]},"meta":{"lastBranch":31,"lastFunction":9,"lastStatement":96,"seen":{"s:15:23:15:Infinity":0,"s:16:32:16:Infinity":1,"f:18:15:18:36":0,"s:19:17:19:Infinity":2,"s:20:2:20:Infinity":3,"s:22:16:22:Infinity":4,"s:23:20:23:Infinity":5,"b:24:2:29:Infinity:undefined:undefined:undefined:undefined":0,"s:24:2:29:Infinity":6,"s:25:4:27:Infinity":7,"s:28:4:28:Infinity":8,"s:30:17:30:Infinity":9,"s:31:21:31:Infinity":10,"s:32:20:32:Infinity":11,"s:33:22:33:Infinity":12,"s:34:24:34:Infinity":13,"s:35:28:35:Infinity":14,"s:36:24:36:Infinity":15,"s:37:28:37:Infinity":16,"b:37:28:37:64:37:64:37:Infinity":1,"s:38:25:38:Infinity":17,"b:38:37:38:72:38:72:38:74":2,"s:40:14:40:Infinity":18,"b:41:2:46:Infinity:undefined:undefined:undefined:undefined":3,"s:41:2:46:Infinity":19,"s:42:4:44:Infinity":20,"s:45:4:45:Infinity":21,"b:47:2:52:Infinity:undefined:undefined:undefined:undefined":4,"s:47:2:52:Infinity":22,"s:48:4:50:Infinity":23,"s:51:4:51:Infinity":24,"s:54:13:54:Infinity":25,"b:55:2:58:Infinity:undefined:undefined:undefined:undefined":5,"s:55:2:58:Infinity":26,"s:56:4:56:Infinity":27,"s:57:4:57:Infinity":28,"s:60:16:60:Infinity":29,"s:61:15:61:Infinity":30,"s:62:19:62:Infinity":31,"s:63:26:63:Infinity":32,"s:64:26:64:Infinity":33,"s:65:27:65:Infinity":34,"s:66:26:66:Infinity":35,"s:67:8:69:Infinity":36,"b:67:28:67:41:67:41:67:45":6,"f:67:45:67:Infinity":1,"s:68:29:68:Infinity":37,"s:71:18:71:Infinity":38,"b:73:2:76:Infinity:undefined:undefined:undefined:undefined":7,"s:73:2:76:Infinity":39,"b:73:6:73:17:73:17:73:29":8,"s:74:4:74:Infinity":40,"s:75:4:75:Infinity":41,"b:77:2:80:Infinity:undefined:undefined:undefined:undefined":9,"s:77:2:80:Infinity":42,"b:77:6:77:16:77:16:77:27":10,"s:78:4:78:Infinity":43,"s:79:4:79:Infinity":44,"b:81:2:84:Infinity:undefined:undefined:undefined:undefined":11,"s:81:2:84:Infinity":45,"s:82:4:82:Infinity":46,"s:83:4:83:Infinity":47,"s:86:2:223:Infinity":48,"s:87:4:99:Infinity":49,"s:88:6:96:Infinity":50,"s:98:6:98:Infinity":51,"s:102:25:102:Infinity":52,"b:103:4:110:Infinity:108:11:110:Infinity":12,"s:103:4:110:Infinity":53,"b:103:8:103:48:103:48:103:68":13,"s:104:6:104:Infinity":54,"s:105:6:107:Infinity":55,"s:109:6:109:Infinity":56,"s:112:17:119:Infinity":57,"b:122:4:130:Infinity:undefined:undefined:undefined:undefined":14,"s:122:4:130:Infinity":58,"s:123:6:129:Infinity":59,"s:132:46:132:Infinity":60,"s:134:24:134:Infinity":61,"s:136:10:146:Infinity":62,"b:139:15:139:27:139:27:139:Infinity":15,"b:140:14:140:25:140:25:140:Infinity":16,"b:143:25:143:46:143:46:143:Infinity":17,"s:148:40:153:Infinity":63,"b:155:4:169:Infinity:undefined:undefined:undefined:undefined":18,"s:155:4:169:Infinity":64,"s:156:6:164:Infinity":65,"s:165:6:167:Infinity":66,"s:168:6:168:Infinity":67,"s:171:66:171:Infinity":68,"b:174:4:182:Infinity:undefined:undefined:undefined:undefined":19,"s:174:4:182:Infinity":69,"b:174:8:174:30:174:30:174:61":20,"s:175:33:177:Infinity":70,"f:176:9:176:17":2,"s:176:23:176:59":71,"f:177:9:177:14":3,"s:177:20:177:30":72,"b:179:6:181:Infinity:undefined:undefined:undefined:undefined":21,"s:179:6:181:Infinity":73,"s:180:8:180:Infinity":74,"s:185:22:185:Infinity":75,"s:187:4:195:Infinity":76,"b:194:6:194:21:194:21:194:Infinity":22,"s:197:35:197:Infinity":77,"s:198:4:206:Infinity":78,"s:208:4:208:Infinity":79,"s:210:16:210:Infinity":80,"b:210:39:210:53:210:53:210:Infinity":23,"s:211:4:211:Infinity":81,"s:213:4:221:Infinity":82,"f:221:6:221:18":4,"s:222:4:222:Infinity":83,"f:226:9:226:Infinity":5,"b:230:2:230:Infinity:undefined:undefined:undefined:undefined":24,"s:230:2:230:Infinity":84,"s:230:31:230:Infinity":85,"s:231:15:231:Infinity":86,"s:232:2:235:Infinity":87,"f:238:9:238:18":6,"s:239:2:239:Infinity":88,"b:239:27:239:31:239:31:239:Infinity":25,"f:242:9:242:Infinity":7,"b:246:2:251:Infinity:undefined:undefined:undefined:undefined":26,"s:246:2:251:Infinity":89,"s:247:4:250:Infinity":90,"b:252:2:256:Infinity:undefined:undefined:undefined:undefined":27,"s:252:2:256:Infinity":91,"s:253:4:255:Infinity":92,"b:254:8:254:Infinity:255:8:255:Infinity":28,"s:257:2:262:Infinity":93,"b:258:6:258:Infinity:259:6:262:Infinity":29,"s:265:0:267:Infinity":94,"f:265:6:265:13":8,"s:266:2:266:Infinity":95,"b:266:40:266:54:266:54:266:65":30},"fnNames":{}}}
,"/home/thales/projects/jules-pr-reviewer/src/jules.ts": {"path":"/home/thales/projects/jules-pr-reviewer/src/jules.ts","statementMap":{"0":{"start":{"line":12,"column":22},"end":{"line":12,"column":null}},"1":{"start":{"line":14,"column":2},"end":{"line":14,"column":null}},"2":{"start":{"line":16,"column":18},"end":{"line":21,"column":null}},"3":{"start":{"line":22,"column":2},"end":{"line":22,"column":null}},"4":{"start":{"line":24,"column":2},"end":{"line":24,"column":null}},"5":{"start":{"line":26,"column":24},"end":{"line":30,"column":null}},"6":{"start":{"line":31,"column":2},"end":{"line":31,"column":null}},"7":{"start":{"line":33,"column":2},"end":{"line":35,"column":null}},"8":{"start":{"line":34,"column":4},"end":{"line":34,"column":null}},"9":{"start":{"line":38,"column":2},"end":{"line":43,"column":null}},"10":{"start":{"line":39,"column":4},"end":{"line":39,"column":null}},"11":{"start":{"line":41,"column":4},"end":{"line":41,"column":null}},"12":{"start":{"line":42,"column":4},"end":{"line":42,"column":null}},"13":{"start":{"line":45,"column":2},"end":{"line":45,"column":null}},"14":{"start":{"line":49,"column":20},"end":{"line":49,"column":null}},"15":{"start":{"line":50,"column":2},"end":{"line":56,"column":null}},"16":{"start":{"line":51,"column":4},"end":{"line":55,"column":null}},"17":{"start":{"line":52,"column":6},"end":{"line":52,"column":null}},"18":{"start":{"line":58,"column":2},"end":{"line":62,"column":null}},"19":{"start":{"line":59,"column":4},"end":{"line":59,"column":null}},"20":{"start":{"line":61,"column":4},"end":{"line":61,"column":null}},"21":{"start":{"line":69,"column":22},"end":{"line":69,"column":null}},"22":{"start":{"line":70,"column":14},"end":{"line":70,"column":null}},"23":{"start":{"line":71,"column":2},"end":{"line":91,"column":null}},"24":{"start":{"line":71,"column":15},"end":{"line":71,"column":18}},"25":{"start":{"line":72,"column":4},"end":{"line":90,"column":null}},"26":{"start":{"line":73,"column":6},"end":{"line":73,"column":null}},"27":{"start":{"line":74,"column":6},"end":{"line":74,"column":null}},"28":{"start":{"line":75,"column":6},"end":{"line":75,"column":null}},"29":{"start":{"line":77,"column":18},"end":{"line":77,"column":null}},"30":{"start":{"line":78,"column":6},"end":{"line":83,"column":null}},"31":{"start":{"line":79,"column":8},"end":{"line":82,"column":null}},"32":{"start":{"line":84,"column":6},"end":{"line":86,"column":null}},"33":{"start":{"line":85,"column":8},"end":{"line":85,"column":null}},"34":{"start":{"line":87,"column":6},"end":{"line":87,"column":null}},"35":{"start":{"line":88,"column":6},"end":{"line":88,"column":null}},"36":{"start":{"line":88,"column":31},"end":{"line":88,"column":51}},"37":{"start":{"line":89,"column":6},"end":{"line":89,"column":null}},"38":{"start":{"line":92,"column":2},"end":{"line":92,"column":null}},"39":{"start":{"line":104,"column":19},"end":{"line":104,"column":null}},"40":{"start":{"line":105,"column":16},"end":{"line":105,"column":null}},"41":{"start":{"line":106,"column":2},"end":{"line":130,"column":null}},"42":{"start":{"line":107,"column":4},"end":{"line":107,"column":null}},"43":{"start":{"line":108,"column":4},"end":{"line":128,"column":null}},"44":{"start":{"line":109,"column":6},"end":{"line":109,"column":null}},"45":{"start":{"line":110,"column":17},"end":{"line":110,"column":null}},"46":{"start":{"line":111,"column":6},"end":{"line":113,"column":null}},"47":{"start":{"line":112,"column":8},"end":{"line":112,"column":null}},"48":{"start":{"line":112,"column":40},"end":{"line":112,"column":null}},"49":{"start":{"line":114,"column":6},"end":{"line":117,"column":null}},"50":{"start":{"line":115,"column":8},"end":{"line":115,"column":null}},"51":{"start":{"line":116,"column":8},"end":{"line":116,"column":null}},"52":{"start":{"line":118,"column":6},"end":{"line":118,"column":null}},"53":{"start":{"line":120,"column":18},"end":{"line":120,"column":null}},"54":{"start":{"line":121,"column":6},"end":{"line":126,"column":null}},"55":{"start":{"line":122,"column":8},"end":{"line":125,"column":null}},"56":{"start":{"line":127,"column":6},"end":{"line":127,"column":null}},"57":{"start":{"line":129,"column":4},"end":{"line":129,"column":null}},"58":{"start":{"line":129,"column":29},"end":{"line":129,"column":50}},"59":{"start":{"line":131,"column":2},"end":{"line":131,"column":null}},"60":{"start":{"line":135,"column":2},"end":{"line":135,"column":null}},"61":{"start":{"line":143,"column":14},"end":{"line":143,"column":null}},"62":{"start":{"line":144,"column":2},"end":{"line":150,"column":null}},"63":{"start":{"line":145,"column":4},"end":{"line":149,"column":null}},"64":{"start":{"line":151,"column":2},"end":{"line":151,"column":null}}},"fnMap":{"0":{"name":"runJulesReview","decl":{"start":{"line":5,"column":22},"end":{"line":5,"column":null}},"loc":{"start":{"line":11,"column":69},"end":{"line":46,"column":null}},"line":11},"1":{"name":"parseJulesResponse","decl":{"start":{"line":48,"column":9},"end":{"line":48,"column":28}},"loc":{"start":{"line":48,"column":59},"end":{"line":63,"column":null}},"line":48},"2":{"name":"waitUntilSessionReady","decl":{"start":{"line":65,"column":15},"end":{"line":65,"column":37}},"loc":{"start":{"line":68,"column":18},"end":{"line":93,"column":null}},"line":68},"3":{"name":"(anonymous_3)","decl":{"start":{"line":88,"column":16},"end":{"line":88,"column":25}},"loc":{"start":{"line":88,"column":31},"end":{"line":88,"column":51}},"line":88},"4":{"name":"pollForReview","decl":{"start":{"line":95,"column":15},"end":{"line":95,"column":null}},"loc":{"start":{"line":103,"column":19},"end":{"line":132,"column":null}},"line":103},"5":{"name":"(anonymous_5)","decl":{"start":{"line":129,"column":14},"end":{"line":129,"column":23}},"loc":{"start":{"line":129,"column":29},"end":{"line":129,"column":50}},"line":129},"6":{"name":"isAuthError","decl":{"start":{"line":134,"column":16},"end":{"line":134,"column":28}},"loc":{"start":{"line":134,"column":50},"end":{"line":136,"column":null}},"line":134},"7":{"name":"wrapPermissionError","decl":{"start":{"line":138,"column":16},"end":{"line":138,"column":null}},"loc":{"start":{"line":142,"column":9},"end":{"line":152,"column":null}},"line":142}},"branchMap":{"0":{"loc":{"start":{"line":33,"column":2},"end":{"line":35,"column":null}},"type":"if","locations":[{"start":{"line":33,"column":2},"end":{"line":35,"column":null}},{"start":{},"end":{}}],"line":33},"1":{"loc":{"start":{"line":50,"column":2},"end":{"line":56,"column":null}},"type":"if","locations":[{"start":{"line":50,"column":2},"end":{"line":56,"column":null}},{"start":{},"end":{}}],"line":50},"2":{"loc":{"start":{"line":77,"column":18},"end":{"line":77,"column":null}},"type":"cond-expr","locations":[{"start":{"line":77,"column":41},"end":{"line":77,"column":55}},{"start":{"line":77,"column":55},"end":{"line":77,"column":null}}],"line":77},"3":{"loc":{"start":{"line":78,"column":6},"end":{"line":83,"column":null}},"type":"if","locations":[{"start":{"line":78,"column":6},"end":{"line":83,"column":null}},{"start":{},"end":{}}],"line":78},"4":{"loc":{"start":{"line":84,"column":6},"end":{"line":86,"column":null}},"type":"if","locations":[{"start":{"line":84,"column":6},"end":{"line":86,"column":null}},{"start":{},"end":{}}],"line":84},"5":{"loc":{"start":{"line":112,"column":8},"end":{"line":112,"column":null}},"type":"if","locations":[{"start":{"line":112,"column":8},"end":{"line":112,"column":null}},{"start":{},"end":{}}],"line":112},"6":{"loc":{"start":{"line":114,"column":6},"end":{"line":117,"column":null}},"type":"if","locations":[{"start":{"line":114,"column":6},"end":{"line":117,"column":null}},{"start":{},"end":{}}],"line":114},"7":{"loc":{"start":{"line":120,"column":18},"end":{"line":120,"column":null}},"type":"cond-expr","locations":[{"start":{"line":120,"column":41},"end":{"line":120,"column":55}},{"start":{"line":120,"column":55},"end":{"line":120,"column":null}}],"line":120},"8":{"loc":{"start":{"line":121,"column":6},"end":{"line":126,"column":null}},"type":"if","locations":[{"start":{"line":121,"column":6},"end":{"line":126,"column":null}},{"start":{},"end":{}}],"line":121},"9":{"loc":{"start":{"line":143,"column":14},"end":{"line":143,"column":null}},"type":"cond-expr","locations":[{"start":{"line":143,"column":37},"end":{"line":143,"column":51}},{"start":{"line":143,"column":51},"end":{"line":143,"column":null}}],"line":143},"10":{"loc":{"start":{"line":144,"column":2},"end":{"line":150,"column":null}},"type":"if","locations":[{"start":{"line":144,"column":2},"end":{"line":150,"column":null}},{"start":{},"end":{}}],"line":144},"11":{"loc":{"start":{"line":144,"column":6},"end":{"line":144,"column":67}},"type":"binary-expr","locations":[{"start":{"line":144,"column":6},"end":{"line":144,"column":26}},{"start":{"line":144,"column":26},"end":{"line":144,"column":67}}],"line":144},"12":{"loc":{"start":{"line":151,"column":9},"end":{"line":151,"column":null}},"type":"cond-expr","locations":[{"start":{"line":151,"column":32},"end":{"line":151,"column":38}},{"start":{"line":151,"column":38},"end":{"line":151,"column":null}}],"line":151}},"s":{"0":11,"1":11,"2":11,"3":11,"4":11,"5":8,"6":7,"7":7,"8":1,"9":6,"10":6,"11":2,"12":2,"13":4,"14":6,"15":6,"16":2,"17":2,"18":5,"19":5,"20":2,"21":11,"22":11,"23":11,"24":11,"25":31,"26":31,"27":8,"28":8,"29":23,"30":23,"31":1,"32":22,"33":1,"34":21,"35":21,"36":21,"37":21,"38":21,"39":8,"40":8,"41":8,"42":11,"43":11,"44":11,"45":9,"46":9,"47":7,"48":6,"49":9,"50":6,"51":6,"52":3,"53":2,"54":2,"55":1,"56":1,"57":4,"58":4,"59":1,"60":33,"61":4,"62":4,"63":2,"64":2},"f":{"0":11,"1":6,"2":11,"3":21,"4":8,"5":4,"6":33,"7":4},"b":{"0":[1,6],"1":[2,4],"2":[22,1],"3":[1,22],"4":[1,21],"5":[6,1],"6":[6,3],"7":[1,1],"8":[1,1],"9":[3,1],"10":[2,2],"11":[4,3],"12":[1,1]},"meta":{"lastBranch":13,"lastFunction":8,"lastStatement":65,"seen":{"f:5:22:5:Infinity":0,"s:12:22:12:Infinity":0,"s:14:2:14:Infinity":1,"s:16:18:21:Infinity":2,"s:22:2:22:Infinity":3,"s:24:2:24:Infinity":4,"s:26:24:30:Infinity":5,"s:31:2:31:Infinity":6,"b:33:2:35:Infinity:undefined:undefined:undefined:undefined":0,"s:33:2:35:Infinity":7,"s:34:4:34:Infinity":8,"s:38:2:43:Infinity":9,"s:39:4:39:Infinity":10,"s:41:4:41:Infinity":11,"s:42:4:42:Infinity":12,"s:45:2:45:Infinity":13,"f:48:9:48:28":1,"s:49:20:49:Infinity":14,"b:50:2:56:Infinity:undefined:undefined:undefined:undefined":1,"s:50:2:56:Infinity":15,"s:51:4:55:Infinity":16,"s:52:6:52:Infinity":17,"s:58:2:62:Infinity":18,"s:59:4:59:Infinity":19,"s:61:4:61:Infinity":20,"f:65:15:65:37":2,"s:69:22:69:Infinity":21,"s:70:14:70:Infinity":22,"s:71:2:91:Infinity":23,"s:71:15:71:18":24,"s:72:4:90:Infinity":25,"s:73:6:73:Infinity":26,"s:74:6:74:Infinity":27,"s:75:6:75:Infinity":28,"s:77:18:77:Infinity":29,"b:77:41:77:55:77:55:77:Infinity":2,"b:78:6:83:Infinity:undefined:undefined:undefined:undefined":3,"s:78:6:83:Infinity":30,"s:79:8:82:Infinity":31,"b:84:6:86:Infinity:undefined:undefined:undefined:undefined":4,"s:84:6:86:Infinity":32,"s:85:8:85:Infinity":33,"s:87:6:87:Infinity":34,"s:88:6:88:Infinity":35,"f:88:16:88:25":3,"s:88:31:88:51":36,"s:89:6:89:Infinity":37,"s:92:2:92:Infinity":38,"f:95:15:95:Infinity":4,"s:104:19:104:Infinity":39,"s:105:16:105:Infinity":40,"s:106:2:130:Infinity":41,"s:107:4:107:Infinity":42,"s:108:4:128:Infinity":43,"s:109:6:109:Infinity":44,"s:110:17:110:Infinity":45,"s:111:6:113:Infinity":46,"b:112:8:112:Infinity:undefined:undefined:undefined:undefined":5,"s:112:8:112:Infinity":47,"s:112:40:112:Infinity":48,"b:114:6:117:Infinity:undefined:undefined:undefined:undefined":6,"s:114:6:117:Infinity":49,"s:115:8:115:Infinity":50,"s:116:8:116:Infinity":51,"s:118:6:118:Infinity":52,"s:120:18:120:Infinity":53,"b:120:41:120:55:120:55:120:Infinity":7,"b:121:6:126:Infinity:undefined:undefined:undefined:undefined":8,"s:121:6:126:Infinity":54,"s:122:8:125:Infinity":55,"s:127:6:127:Infinity":56,"s:129:4:129:Infinity":57,"f:129:14:129:23":5,"s:129:29:129:50":58,"s:131:2:131:Infinity":59,"f:134:16:134:28":6,"s:135:2:135:Infinity":60,"f:138:16:138:Infinity":7,"s:143:14:143:Infinity":61,"b:143:37:143:51:143:51:143:Infinity":9,"b:144:2:150:Infinity:undefined:undefined:undefined:undefined":10,"s:144:2:150:Infinity":62,"b:144:6:144:26:144:26:144:67":11,"s:145:4:149:Infinity":63,"s:151:2:151:Infinity":64,"b:151:32:151:38:151:38:151:Infinity":12},"fnNames":{}}}
,"/home/thales/projects/jules-pr-reviewer/src/prompt.ts": {"path":"/home/thales/projects/jules-pr-reviewer/src/prompt.ts","statementMap":{"0":{"start":{"line":14,"column":6},"end":{"line":14,"column":null}},"1":{"start":{"line":16,"column":23},"end":{"line":16,"column":null}},"2":{"start":{"line":17,"column":2},"end":{"line":25,"column":null}},"3":{"start":{"line":18,"column":4},"end":{"line":23,"column":null}},"4":{"start":{"line":23,"column":25},"end":{"line":23,"column":98}},"5":{"start":{"line":27,"column":2},"end":{"line":63,"column":null}}},"fnMap":{"0":{"name":"buildReviewPrompt","decl":{"start":{"line":3,"column":16},"end":{"line":3,"column":34}},"loc":{"start":{"line":3,"column":60},"end":{"line":102,"column":null}},"line":3},"1":{"name":"(anonymous_1)","decl":{"start":{"line":23,"column":14},"end":{"line":23,"column":19}},"loc":{"start":{"line":23,"column":25},"end":{"line":23,"column":98}},"line":23}},"branchMap":{"0":{"loc":{"start":{"line":17,"column":2},"end":{"line":25,"column":null}},"type":"if","locations":[{"start":{"line":17,"column":2},"end":{"line":25,"column":null}},{"start":{},"end":{}}],"line":17},"1":{"loc":{"start":{"line":17,"column":6},"end":{"line":17,"column":45}},"type":"binary-expr","locations":[{"start":{"line":17,"column":6},"end":{"line":17,"column":21}},{"start":{"line":17,"column":21},"end":{"line":17,"column":45}}],"line":17},"2":{"loc":{"start":{"line":41,"column":2},"end":{"line":41,"column":null}},"type":"binary-expr","locations":[{"start":{"line":41,"column":2},"end":{"line":41,"column":12}},{"start":{"line":41,"column":12},"end":{"line":41,"column":null}}],"line":41},"3":{"loc":{"start":{"line":44,"column":2},"end":{"line":44,"column":null}},"type":"cond-expr","locations":[{"start":{"line":44,"column":22},"end":{"line":44,"column":55}},{"start":{"line":44,"column":55},"end":{"line":44,"column":null}}],"line":44},"4":{"loc":{"start":{"line":49,"column":2},"end":{"line":54,"column":null}},"type":"cond-expr","locations":[{"start":{"line":50,"column":6},"end":{"line":54,"column":null}},{"start":{"line":54,"column":6},"end":{"line":54,"column":null}}],"line":49},"5":{"loc":{"start":{"line":56,"column":4},"end":{"line":61,"column":null}},"type":"cond-expr","locations":[{"start":{"line":57,"column":8},"end":{"line":61,"column":null}},{"start":{"line":61,"column":8},"end":{"line":61,"column":null}}],"line":56}},"s":{"0":14,"1":14,"2":14,"3":2,"4":3,"5":14},"f":{"0":14,"1":3},"b":{"0":[2,12],"1":[14,14],"2":[14,1],"3":[2,12],"4":[2,12],"5":[1,13]},"meta":{"lastBranch":6,"lastFunction":2,"lastStatement":6,"seen":{"f:3:16:3:34":0,"s:14:6:14:Infinity":0,"s:16:23:16:Infinity":1,"b:17:2:25:Infinity:undefined:undefined:undefined:undefined":0,"s:17:2:25:Infinity":2,"b:17:6:17:21:17:21:17:45":1,"s:18:4:23:Infinity":3,"f:23:14:23:19":1,"s:23:25:23:98":4,"s:27:2:63:Infinity":5,"b:41:2:41:12:41:12:41:Infinity":2,"b:44:22:44:55:44:55:44:Infinity":3,"b:50:6:54:Infinity:54:6:54:Infinity":4,"b:57:8:61:Infinity:61:8:61:Infinity":5},"fnNames":{}}}
}
